{"D:\\FlowForge AI\\src\\app\\api\\responseHelper.ts": {"path":"D:\\FlowForge AI\\src\\app\\api\\responseHelper.ts","statementMap":{"0":{"start":{"line":5,"column":2},"end":{"line":9,"column":null}},"1":{"start":{"line":13,"column":22},"end":{"line":13,"column":null}},"2":{"start":{"line":15,"column":2},"end":{"line":22,"column":null}},"3":{"start":{"line":16,"column":4},"end":{"line":16,"column":null}},"4":{"start":{"line":17,"column":4},"end":{"line":17,"column":null}},"5":{"start":{"line":18,"column":9},"end":{"line":22,"column":null}},"6":{"start":{"line":19,"column":4},"end":{"line":19,"column":null}},"7":{"start":{"line":20,"column":9},"end":{"line":22,"column":null}},"8":{"start":{"line":21,"column":4},"end":{"line":21,"column":null}},"9":{"start":{"line":24,"column":2},"end":{"line":28,"column":null}}},"fnMap":{"0":{"name":"successResponse","decl":{"start":{"line":4,"column":16},"end":{"line":4,"column":32}},"loc":{"start":{"line":4,"column":94},"end":{"line":10,"column":null}},"line":4},"1":{"name":"errorResponse","decl":{"start":{"line":12,"column":16},"end":{"line":12,"column":30}},"loc":{"start":{"line":12,"column":82},"end":{"line":29,"column":null}},"line":12}},"branchMap":{"0":{"loc":{"start":{"line":4,"column":43},"end":{"line":4,"column":72}},"type":"default-arg","locations":[{"start":{"line":4,"column":61},"end":{"line":4,"column":72}}],"line":4},"1":{"loc":{"start":{"line":4,"column":72},"end":{"line":4,"column":94}},"type":"default-arg","locations":[{"start":{"line":4,"column":89},"end":{"line":4,"column":94}}],"line":4},"2":{"loc":{"start":{"line":12,"column":60},"end":{"line":12,"column":82}},"type":"default-arg","locations":[{"start":{"line":12,"column":77},"end":{"line":12,"column":82}}],"line":12},"3":{"loc":{"start":{"line":15,"column":2},"end":{"line":22,"column":null}},"type":"if","locations":[{"start":{"line":15,"column":2},"end":{"line":22,"column":null}},{"start":{"line":18,"column":9},"end":{"line":22,"column":null}}],"line":15},"4":{"loc":{"start":{"line":18,"column":9},"end":{"line":22,"column":null}},"type":"if","locations":[{"start":{"line":18,"column":9},"end":{"line":22,"column":null}},{"start":{"line":20,"column":9},"end":{"line":22,"column":null}}],"line":18},"5":{"loc":{"start":{"line":20,"column":9},"end":{"line":22,"column":null}},"type":"if","locations":[{"start":{"line":20,"column":9},"end":{"line":22,"column":null}},{"start":{},"end":{}}],"line":20}},"s":{"0":9,"1":1,"2":1,"3":0,"4":0,"5":1,"6":0,"7":1,"8":0,"9":1},"f":{"0":9,"1":1},"b":{"0":[9],"1":[9],"2":[1],"3":[0,1],"4":[0,1],"5":[0,1]},"meta":{"lastBranch":6,"lastFunction":2,"lastStatement":10,"seen":{"f:4:16:4:32":0,"b:4:61:4:72":0,"b:4:89:4:94":1,"s:5:2:9:Infinity":0,"f:12:16:12:30":1,"b:12:77:12:82":2,"s:13:22:13:Infinity":1,"b:15:2:22:Infinity:18:9:22:Infinity":3,"s:15:2:22:Infinity":2,"s:16:4:16:Infinity":3,"s:17:4:17:Infinity":4,"b:18:9:22:Infinity:20:9:22:Infinity":4,"s:18:9:22:Infinity":5,"s:19:4:19:Infinity":6,"b:20:9:22:Infinity:undefined:undefined:undefined:undefined":5,"s:20:9:22:Infinity":7,"s:21:4:21:Infinity":8,"s:24:2:28:Infinity":9},"fnNames":{}}}
,"D:\\FlowForge AI\\src\\app\\api\\approvals\\[id]\\route.ts": {"path":"D:\\FlowForge AI\\src\\app\\api\\approvals\\[id]\\route.ts","statementMap":{"0":{"start":{"line":12,"column":21},"end":{"line":12,"column":null}},"1":{"start":{"line":13,"column":22},"end":{"line":13,"column":null}},"2":{"start":{"line":14,"column":23},"end":{"line":14,"column":null}},"3":{"start":{"line":15,"column":15},"end":{"line":15,"column":null}},"4":{"start":{"line":18,"column":17},"end":{"line":18,"column":null}},"5":{"start":{"line":19,"column":2},"end":{"line":50,"column":null}},"6":{"start":{"line":20,"column":4},"end":{"line":20,"column":null}},"7":{"start":{"line":23,"column":21},"end":{"line":23,"column":null}},"8":{"start":{"line":24,"column":4},"end":{"line":24,"column":null}},"9":{"start":{"line":24,"column":19},"end":{"line":24,"column":null}},"10":{"start":{"line":26,"column":17},"end":{"line":26,"column":null}},"11":{"start":{"line":27,"column":23},"end":{"line":27,"column":null}},"12":{"start":{"line":29,"column":4},"end":{"line":29,"column":null}},"13":{"start":{"line":30,"column":4},"end":{"line":30,"column":null}},"14":{"start":{"line":31,"column":4},"end":{"line":31,"column":null}},"15":{"start":{"line":32,"column":4},"end":{"line":32,"column":null}},"16":{"start":{"line":34,"column":4},"end":{"line":34,"column":null}},"17":{"start":{"line":36,"column":4},"end":{"line":42,"column":null}},"18":{"start":{"line":45,"column":4},"end":{"line":45,"column":null}},"19":{"start":{"line":47,"column":4},"end":{"line":47,"column":null}},"20":{"start":{"line":49,"column":4},"end":{"line":49,"column":null}}},"fnMap":{"0":{"name":"POST","decl":{"start":{"line":17,"column":22},"end":{"line":17,"column":27}},"loc":{"start":{"line":17,"column":89},"end":{"line":51,"column":null}},"line":17}},"branchMap":{"0":{"loc":{"start":{"line":24,"column":4},"end":{"line":24,"column":null}},"type":"if","locations":[{"start":{"line":24,"column":4},"end":{"line":24,"column":null}},{"start":{},"end":{}}],"line":24},"1":{"loc":{"start":{"line":38,"column":6},"end":{"line":38,"column":null}},"type":"cond-expr","locations":[{"start":{"line":38,"column":41},"end":{"line":38,"column":62}},{"start":{"line":38,"column":62},"end":{"line":38,"column":null}}],"line":38}},"s":{"0":0,"1":0,"2":0,"3":0,"4":0,"5":0,"6":0,"7":0,"8":0,"9":0,"10":0,"11":0,"12":0,"13":0,"14":0,"15":0,"16":0,"17":0,"18":0,"19":0,"20":0},"f":{"0":0},"b":{"0":[0,0],"1":[0,0]},"meta":{"lastBranch":2,"lastFunction":1,"lastStatement":21,"seen":{"s:12:21:12:Infinity":0,"s:13:22:13:Infinity":1,"s:14:23:14:Infinity":2,"s:15:15:15:Infinity":3,"f:17:22:17:27":0,"s:18:17:18:Infinity":4,"s:19:2:50:Infinity":5,"s:20:4:20:Infinity":6,"s:23:21:23:Infinity":7,"b:24:4:24:Infinity:undefined:undefined:undefined:undefined":0,"s:24:4:24:Infinity":8,"s:24:19:24:Infinity":9,"s:26:17:26:Infinity":10,"s:27:23:27:Infinity":11,"s:29:4:29:Infinity":12,"s:30:4:30:Infinity":13,"s:31:4:31:Infinity":14,"s:32:4:32:Infinity":15,"s:34:4:34:Infinity":16,"s:36:4:42:Infinity":17,"b:38:41:38:62:38:62:38:Infinity":1,"s:45:4:45:Infinity":18,"s:47:4:47:Infinity":19,"s:49:4:49:Infinity":20},"fnNames":{}}}
,"D:\\FlowForge AI\\src\\app\\api\\history\\route.ts": {"path":"D:\\FlowForge AI\\src\\app\\api\\history\\route.ts","statementMap":{"0":{"start":{"line":7,"column":2},"end":{"line":34,"column":null}},"1":{"start":{"line":8,"column":4},"end":{"line":8,"column":null}},"2":{"start":{"line":10,"column":29},"end":{"line":10,"column":null}},"3":{"start":{"line":11,"column":17},"end":{"line":11,"column":null}},"4":{"start":{"line":12,"column":18},"end":{"line":12,"column":null}},"5":{"start":{"line":14,"column":17},"end":{"line":19,"column":null}},"6":{"start":{"line":22,"column":20},"end":{"line":29,"column":null}},"7":{"start":{"line":23,"column":6},"end":{"line":28,"column":null}},"8":{"start":{"line":31,"column":4},"end":{"line":31,"column":null}},"9":{"start":{"line":33,"column":4},"end":{"line":33,"column":null}}},"fnMap":{"0":{"name":"GET","decl":{"start":{"line":6,"column":22},"end":{"line":6,"column":26}},"loc":{"start":{"line":6,"column":44},"end":{"line":35,"column":null}},"line":6},"1":{"name":"(anonymous_1)","decl":{"start":{"line":22,"column":25},"end":{"line":22,"column":29}},"loc":{"start":{"line":22,"column":36},"end":{"line":29,"column":5}},"line":22}},"branchMap":{"0":{"loc":{"start":{"line":11,"column":26},"end":{"line":11,"column":59}},"type":"binary-expr","locations":[{"start":{"line":11,"column":26},"end":{"line":11,"column":54}},{"start":{"line":11,"column":54},"end":{"line":11,"column":59}}],"line":11},"1":{"loc":{"start":{"line":12,"column":27},"end":{"line":12,"column":62}},"type":"binary-expr","locations":[{"start":{"line":12,"column":27},"end":{"line":12,"column":56}},{"start":{"line":12,"column":56},"end":{"line":12,"column":62}}],"line":12}},"s":{"0":1,"1":1,"2":1,"3":1,"4":1,"5":1,"6":1,"7":2,"8":1,"9":0},"f":{"0":1,"1":2},"b":{"0":[1,0],"1":[1,0]},"meta":{"lastBranch":2,"lastFunction":2,"lastStatement":10,"seen":{"f:6:22:6:26":0,"s:7:2:34:Infinity":0,"s:8:4:8:Infinity":1,"s:10:29:10:Infinity":2,"s:11:17:11:Infinity":3,"b:11:26:11:54:11:54:11:59":0,"s:12:18:12:Infinity":4,"b:12:27:12:56:12:56:12:62":1,"s:14:17:19:Infinity":5,"s:22:20:29:Infinity":6,"f:22:25:22:29":1,"s:23:6:28:Infinity":7,"s:31:4:31:Infinity":8,"s:33:4:33:Infinity":9},"fnNames":{}}}
,"D:\\FlowForge AI\\src\\app\\api\\history\\[id]\\rerun\\route.ts": {"path":"D:\\FlowForge AI\\src\\app\\api\\history\\[id]\\rerun\\route.ts","statementMap":{"0":{"start":{"line":9,"column":22},"end":{"line":9,"column":null}},"1":{"start":{"line":10,"column":21},"end":{"line":10,"column":null}},"2":{"start":{"line":11,"column":23},"end":{"line":11,"column":null}},"3":{"start":{"line":12,"column":15},"end":{"line":12,"column":null}},"4":{"start":{"line":15,"column":17},"end":{"line":15,"column":null}},"5":{"start":{"line":16,"column":2},"end":{"line":48,"column":null}},"6":{"start":{"line":17,"column":4},"end":{"line":17,"column":null}},"7":{"start":{"line":20,"column":30},"end":{"line":20,"column":null}},"8":{"start":{"line":21,"column":4},"end":{"line":21,"column":null}},"9":{"start":{"line":21,"column":28},"end":{"line":21,"column":null}},"10":{"start":{"line":23,"column":17},"end":{"line":23,"column":null}},"11":{"start":{"line":25,"column":18},"end":{"line":25,"column":null}},"12":{"start":{"line":32,"column":25},"end":{"line":36,"column":null}},"13":{"start":{"line":38,"column":4},"end":{"line":38,"column":null}},"14":{"start":{"line":43,"column":4},"end":{"line":43,"column":null}},"15":{"start":{"line":45,"column":4},"end":{"line":45,"column":null}},"16":{"start":{"line":47,"column":4},"end":{"line":47,"column":null}}},"fnMap":{"0":{"name":"POST","decl":{"start":{"line":14,"column":22},"end":{"line":14,"column":27}},"loc":{"start":{"line":14,"column":89},"end":{"line":49,"column":null}},"line":14}},"branchMap":{"0":{"loc":{"start":{"line":21,"column":4},"end":{"line":21,"column":null}},"type":"if","locations":[{"start":{"line":21,"column":4},"end":{"line":21,"column":null}},{"start":{},"end":{}}],"line":21},"1":{"loc":{"start":{"line":25,"column":18},"end":{"line":25,"column":null}},"type":"binary-expr","locations":[{"start":{"line":25,"column":18},"end":{"line":25,"column":32}},{"start":{"line":25,"column":32},"end":{"line":25,"column":null}}],"line":25}},"s":{"0":0,"1":0,"2":0,"3":0,"4":0,"5":0,"6":0,"7":0,"8":0,"9":0,"10":0,"11":0,"12":0,"13":0,"14":0,"15":0,"16":0},"f":{"0":0},"b":{"0":[0,0],"1":[0,0]},"meta":{"lastBranch":2,"lastFunction":1,"lastStatement":17,"seen":{"s:9:22:9:Infinity":0,"s:10:21:10:Infinity":1,"s:11:23:11:Infinity":2,"s:12:15:12:Infinity":3,"f:14:22:14:27":0,"s:15:17:15:Infinity":4,"s:16:2:48:Infinity":5,"s:17:4:17:Infinity":6,"s:20:30:20:Infinity":7,"b:21:4:21:Infinity:undefined:undefined:undefined:undefined":0,"s:21:4:21:Infinity":8,"s:21:28:21:Infinity":9,"s:23:17:23:Infinity":10,"s:25:18:25:Infinity":11,"b:25:18:25:32:25:32:25:Infinity":1,"s:32:25:36:Infinity":12,"s:38:4:38:Infinity":13,"s:43:4:43:Infinity":14,"s:45:4:45:Infinity":15,"s:47:4:47:Infinity":16},"fnNames":{}}}
,"D:\\FlowForge AI\\src\\app\\api\\runs\\route.ts": {"path":"D:\\FlowForge AI\\src\\app\\api\\runs\\route.ts","statementMap":{"0":{"start":{"line":9,"column":21},"end":{"line":9,"column":null}},"1":{"start":{"line":10,"column":16},"end":{"line":10,"column":null}},"2":{"start":{"line":11,"column":23},"end":{"line":11,"column":null}},"3":{"start":{"line":12,"column":15},"end":{"line":12,"column":null}},"4":{"start":{"line":15,"column":2},"end":{"line":31,"column":null}},"5":{"start":{"line":16,"column":4},"end":{"line":16,"column":null}},"6":{"start":{"line":18,"column":17},"end":{"line":18,"column":null}},"7":{"start":{"line":19,"column":30},"end":{"line":19,"column":null}},"8":{"start":{"line":20,"column":18},"end":{"line":20,"column":null}},"9":{"start":{"line":22,"column":4},"end":{"line":24,"column":null}},"10":{"start":{"line":23,"column":6},"end":{"line":23,"column":null}},"11":{"start":{"line":26,"column":18},"end":{"line":26,"column":null}},"12":{"start":{"line":28,"column":4},"end":{"line":28,"column":null}},"13":{"start":{"line":30,"column":4},"end":{"line":30,"column":null}}},"fnMap":{"0":{"name":"POST","decl":{"start":{"line":14,"column":22},"end":{"line":14,"column":27}},"loc":{"start":{"line":14,"column":45},"end":{"line":32,"column":null}},"line":14}},"branchMap":{"0":{"loc":{"start":{"line":20,"column":18},"end":{"line":20,"column":null}},"type":"binary-expr","locations":[{"start":{"line":20,"column":18},"end":{"line":20,"column":32}},{"start":{"line":20,"column":32},"end":{"line":20,"column":null}}],"line":20},"1":{"loc":{"start":{"line":22,"column":4},"end":{"line":24,"column":null}},"type":"if","locations":[{"start":{"line":22,"column":4},"end":{"line":24,"column":null}},{"start":{},"end":{}}],"line":22}},"s":{"0":0,"1":0,"2":0,"3":0,"4":0,"5":0,"6":0,"7":0,"8":0,"9":0,"10":0,"11":0,"12":0,"13":0},"f":{"0":0},"b":{"0":[0,0],"1":[0,0]},"meta":{"lastBranch":2,"lastFunction":1,"lastStatement":14,"seen":{"s:9:21:9:Infinity":0,"s:10:16:10:Infinity":1,"s:11:23:11:Infinity":2,"s:12:15:12:Infinity":3,"f:14:22:14:27":0,"s:15:2:31:Infinity":4,"s:16:4:16:Infinity":5,"s:18:17:18:Infinity":6,"s:19:30:19:Infinity":7,"s:20:18:20:Infinity":8,"b:20:18:20:32:20:32:20:Infinity":0,"b:22:4:24:Infinity:undefined:undefined:undefined:undefined":1,"s:22:4:24:Infinity":9,"s:23:6:23:Infinity":10,"s:26:18:26:Infinity":11,"s:28:4:28:Infinity":12,"s:30:4:30:Infinity":13},"fnNames":{}}}
,"D:\\FlowForge AI\\src\\app\\api\\runs\\[id]\\route.ts": {"path":"D:\\FlowForge AI\\src\\app\\api\\runs\\[id]\\route.ts","statementMap":{"0":{"start":{"line":6,"column":16},"end":{"line":6,"column":null}},"1":{"start":{"line":9,"column":17},"end":{"line":9,"column":null}},"2":{"start":{"line":10,"column":2},"end":{"line":19,"column":null}},"3":{"start":{"line":11,"column":4},"end":{"line":11,"column":null}},"4":{"start":{"line":13,"column":16},"end":{"line":13,"column":null}},"5":{"start":{"line":14,"column":4},"end":{"line":14,"column":null}},"6":{"start":{"line":14,"column":14},"end":{"line":14,"column":null}},"7":{"start":{"line":16,"column":4},"end":{"line":16,"column":null}},"8":{"start":{"line":18,"column":4},"end":{"line":18,"column":null}}},"fnMap":{"0":{"name":"GET","decl":{"start":{"line":8,"column":22},"end":{"line":8,"column":26}},"loc":{"start":{"line":8,"column":88},"end":{"line":20,"column":null}},"line":8}},"branchMap":{"0":{"loc":{"start":{"line":14,"column":4},"end":{"line":14,"column":null}},"type":"if","locations":[{"start":{"line":14,"column":4},"end":{"line":14,"column":null}},{"start":{},"end":{}}],"line":14}},"s":{"0":1,"1":2,"2":2,"3":2,"4":2,"5":2,"6":1,"7":1,"8":0},"f":{"0":2},"b":{"0":[1,1]},"meta":{"lastBranch":1,"lastFunction":1,"lastStatement":9,"seen":{"s:6:16:6:Infinity":0,"f:8:22:8:26":0,"s:9:17:9:Infinity":1,"s:10:2:19:Infinity":2,"s:11:4:11:Infinity":3,"s:13:16:13:Infinity":4,"b:14:4:14:Infinity:undefined:undefined:undefined:undefined":0,"s:14:4:14:Infinity":5,"s:14:14:14:Infinity":6,"s:16:4:16:Infinity":7,"s:18:4:18:Infinity":8},"fnNames":{}}}
,"D:\\FlowForge AI\\src\\app\\api\\runs\\[id]\\cancel\\route.ts": {"path":"D:\\FlowForge AI\\src\\app\\api\\runs\\[id]\\cancel\\route.ts","statementMap":{"0":{"start":{"line":9,"column":21},"end":{"line":9,"column":null}},"1":{"start":{"line":10,"column":16},"end":{"line":10,"column":null}},"2":{"start":{"line":11,"column":23},"end":{"line":11,"column":null}},"3":{"start":{"line":12,"column":15},"end":{"line":12,"column":null}},"4":{"start":{"line":15,"column":17},"end":{"line":15,"column":null}},"5":{"start":{"line":16,"column":2},"end":{"line":23,"column":null}},"6":{"start":{"line":17,"column":4},"end":{"line":17,"column":null}},"7":{"start":{"line":18,"column":4},"end":{"line":18,"column":null}},"8":{"start":{"line":20,"column":4},"end":{"line":20,"column":null}},"9":{"start":{"line":22,"column":4},"end":{"line":22,"column":null}}},"fnMap":{"0":{"name":"POST","decl":{"start":{"line":14,"column":22},"end":{"line":14,"column":27}},"loc":{"start":{"line":14,"column":89},"end":{"line":24,"column":null}},"line":14}},"branchMap":{},"s":{"0":0,"1":0,"2":0,"3":0,"4":0,"5":0,"6":0,"7":0,"8":0,"9":0},"f":{"0":0},"b":{},"meta":{"lastBranch":0,"lastFunction":1,"lastStatement":10,"seen":{"s:9:21:9:Infinity":0,"s:10:16:10:Infinity":1,"s:11:23:11:Infinity":2,"s:12:15:12:Infinity":3,"f:14:22:14:27":0,"s:15:17:15:Infinity":4,"s:16:2:23:Infinity":5,"s:17:4:17:Infinity":6,"s:18:4:18:Infinity":7,"s:20:4:20:Infinity":8,"s:22:4:22:Infinity":9},"fnNames":{}}}
,"D:\\FlowForge AI\\src\\app\\api\\runs\\[id]\\logs\\route.ts": {"path":"D:\\FlowForge AI\\src\\app\\api\\runs\\[id]\\logs\\route.ts","statementMap":{"0":{"start":{"line":7,"column":17},"end":{"line":7,"column":null}},"1":{"start":{"line":8,"column":2},"end":{"line":17,"column":null}},"2":{"start":{"line":9,"column":4},"end":{"line":9,"column":null}},"3":{"start":{"line":12,"column":17},"end":{"line":12,"column":null}},"4":{"start":{"line":14,"column":4},"end":{"line":14,"column":null}},"5":{"start":{"line":16,"column":4},"end":{"line":16,"column":null}}},"fnMap":{"0":{"name":"GET","decl":{"start":{"line":6,"column":22},"end":{"line":6,"column":26}},"loc":{"start":{"line":6,"column":88},"end":{"line":18,"column":null}},"line":6}},"branchMap":{},"s":{"0":0,"1":0,"2":0,"3":0,"4":0,"5":0},"f":{"0":0},"b":{},"meta":{"lastBranch":0,"lastFunction":1,"lastStatement":6,"seen":{"f:6:22:6:26":0,"s:7:17:7:Infinity":0,"s:8:2:17:Infinity":1,"s:9:4:9:Infinity":2,"s:12:17:12:Infinity":3,"s:14:4:14:Infinity":4,"s:16:4:16:Infinity":5},"fnNames":{}}}
,"D:\\FlowForge AI\\src\\app\\api\\runs\\[id]\\resume\\route.ts": {"path":"D:\\FlowForge AI\\src\\app\\api\\runs\\[id]\\resume\\route.ts","statementMap":{"0":{"start":{"line":9,"column":21},"end":{"line":9,"column":null}},"1":{"start":{"line":10,"column":16},"end":{"line":10,"column":null}},"2":{"start":{"line":11,"column":23},"end":{"line":11,"column":null}},"3":{"start":{"line":12,"column":15},"end":{"line":12,"column":null}},"4":{"start":{"line":15,"column":17},"end":{"line":15,"column":null}},"5":{"start":{"line":16,"column":2},"end":{"line":23,"column":null}},"6":{"start":{"line":17,"column":4},"end":{"line":17,"column":null}},"7":{"start":{"line":18,"column":4},"end":{"line":18,"column":null}},"8":{"start":{"line":20,"column":4},"end":{"line":20,"column":null}},"9":{"start":{"line":22,"column":4},"end":{"line":22,"column":null}}},"fnMap":{"0":{"name":"POST","decl":{"start":{"line":14,"column":22},"end":{"line":14,"column":27}},"loc":{"start":{"line":14,"column":89},"end":{"line":24,"column":null}},"line":14}},"branchMap":{},"s":{"0":1,"1":1,"2":1,"3":1,"4":1,"5":1,"6":1,"7":1,"8":1,"9":0},"f":{"0":1},"b":{},"meta":{"lastBranch":0,"lastFunction":1,"lastStatement":10,"seen":{"s:9:21:9:Infinity":0,"s:10:16:10:Infinity":1,"s:11:23:11:Infinity":2,"s:12:15:12:Infinity":3,"f:14:22:14:27":0,"s:15:17:15:Infinity":4,"s:16:2:23:Infinity":5,"s:17:4:17:Infinity":6,"s:18:4:18:Infinity":7,"s:20:4:20:Infinity":8,"s:22:4:22:Infinity":9},"fnNames":{}}}
,"D:\\FlowForge AI\\src\\app\\api\\runs\\[id]\\retry\\route.ts": {"path":"D:\\FlowForge AI\\src\\app\\api\\runs\\[id]\\retry\\route.ts","statementMap":{"0":{"start":{"line":9,"column":21},"end":{"line":9,"column":null}},"1":{"start":{"line":10,"column":16},"end":{"line":10,"column":null}},"2":{"start":{"line":11,"column":23},"end":{"line":11,"column":null}},"3":{"start":{"line":12,"column":15},"end":{"line":12,"column":null}},"4":{"start":{"line":15,"column":17},"end":{"line":15,"column":null}},"5":{"start":{"line":16,"column":2},"end":{"line":23,"column":null}},"6":{"start":{"line":17,"column":4},"end":{"line":17,"column":null}},"7":{"start":{"line":18,"column":4},"end":{"line":18,"column":null}},"8":{"start":{"line":20,"column":4},"end":{"line":20,"column":null}},"9":{"start":{"line":22,"column":4},"end":{"line":22,"column":null}}},"fnMap":{"0":{"name":"POST","decl":{"start":{"line":14,"column":22},"end":{"line":14,"column":27}},"loc":{"start":{"line":14,"column":89},"end":{"line":24,"column":null}},"line":14}},"branchMap":{},"s":{"0":0,"1":0,"2":0,"3":0,"4":0,"5":0,"6":0,"7":0,"8":0,"9":0},"f":{"0":0},"b":{},"meta":{"lastBranch":0,"lastFunction":1,"lastStatement":10,"seen":{"s:9:21:9:Infinity":0,"s:10:16:10:Infinity":1,"s:11:23:11:Infinity":2,"s:12:15:12:Infinity":3,"f:14:22:14:27":0,"s:15:17:15:Infinity":4,"s:16:2:23:Infinity":5,"s:17:4:17:Infinity":6,"s:18:4:18:Infinity":7,"s:20:4:20:Infinity":8,"s:22:4:22:Infinity":9},"fnNames":{}}}
,"D:\\FlowForge AI\\src\\app\\api\\settings\\route.ts": {"path":"D:\\FlowForge AI\\src\\app\\api\\settings\\route.ts","statementMap":{"0":{"start":{"line":6,"column":21},"end":{"line":6,"column":null}},"1":{"start":{"line":9,"column":2},"end":{"line":27,"column":null}},"2":{"start":{"line":10,"column":20},"end":{"line":10,"column":null}},"3":{"start":{"line":12,"column":4},"end":{"line":16,"column":null}},"4":{"start":{"line":13,"column":6},"end":{"line":13,"column":null}},"5":{"start":{"line":15,"column":6},"end":{"line":15,"column":null}},"6":{"start":{"line":19,"column":29},"end":{"line":19,"column":null}},"7":{"start":{"line":21,"column":4},"end":{"line":24,"column":null}},"8":{"start":{"line":26,"column":4},"end":{"line":26,"column":null}},"9":{"start":{"line":31,"column":2},"end":{"line":49,"column":null}},"10":{"start":{"line":32,"column":17},"end":{"line":32,"column":null}},"11":{"start":{"line":33,"column":30},"end":{"line":33,"column":null}},"12":{"start":{"line":35,"column":4},"end":{"line":37,"column":null}},"13":{"start":{"line":36,"column":6},"end":{"line":36,"column":null}},"14":{"start":{"line":39,"column":4},"end":{"line":41,"column":null}},"15":{"start":{"line":40,"column":6},"end":{"line":40,"column":null}},"16":{"start":{"line":43,"column":18},"end":{"line":43,"column":null}},"17":{"start":{"line":44,"column":4},"end":{"line":44,"column":null}},"18":{"start":{"line":46,"column":4},"end":{"line":46,"column":null}},"19":{"start":{"line":48,"column":4},"end":{"line":48,"column":null}},"20":{"start":{"line":53,"column":2},"end":{"line":67,"column":null}},"21":{"start":{"line":54,"column":29},"end":{"line":54,"column":null}},"22":{"start":{"line":55,"column":21},"end":{"line":55,"column":null}},"23":{"start":{"line":57,"column":4},"end":{"line":59,"column":null}},"24":{"start":{"line":58,"column":6},"end":{"line":58,"column":null}},"25":{"start":{"line":61,"column":18},"end":{"line":61,"column":null}},"26":{"start":{"line":62,"column":4},"end":{"line":62,"column":null}},"27":{"start":{"line":64,"column":4},"end":{"line":64,"column":null}},"28":{"start":{"line":66,"column":4},"end":{"line":66,"column":null}}},"fnMap":{"0":{"name":"GET","decl":{"start":{"line":8,"column":22},"end":{"line":8,"column":28}},"loc":{"start":{"line":8,"column":28},"end":{"line":28,"column":null}},"line":8},"1":{"name":"POST","decl":{"start":{"line":30,"column":22},"end":{"line":30,"column":27}},"loc":{"start":{"line":30,"column":45},"end":{"line":50,"column":null}},"line":30},"2":{"name":"DELETE","decl":{"start":{"line":52,"column":22},"end":{"line":52,"column":29}},"loc":{"start":{"line":52,"column":47},"end":{"line":68,"column":null}},"line":52}},"branchMap":{"0":{"loc":{"start":{"line":13,"column":19},"end":{"line":13,"column":null}},"type":"binary-expr","locations":[{"start":{"line":13,"column":19},"end":{"line":13,"column":69}},{"start":{"line":13,"column":69},"end":{"line":13,"column":null}}],"line":13},"1":{"loc":{"start":{"line":19,"column":29},"end":{"line":19,"column":null}},"type":"binary-expr","locations":[{"start":{"line":19,"column":29},"end":{"line":19,"column":44}},{"start":{"line":19,"column":44},"end":{"line":19,"column":null}}],"line":19},"2":{"loc":{"start":{"line":23,"column":48},"end":{"line":23,"column":93}},"type":"binary-expr","locations":[{"start":{"line":23,"column":48},"end":{"line":23,"column":61}},{"start":{"line":23,"column":61},"end":{"line":23,"column":91}},{"start":{"line":23,"column":91},"end":{"line":23,"column":93}}],"line":23},"3":{"loc":{"start":{"line":35,"column":4},"end":{"line":37,"column":null}},"type":"if","locations":[{"start":{"line":35,"column":4},"end":{"line":37,"column":null}},{"start":{},"end":{}}],"line":35},"4":{"loc":{"start":{"line":35,"column":8},"end":{"line":35,"column":53}},"type":"binary-expr","locations":[{"start":{"line":35,"column":8},"end":{"line":35,"column":21}},{"start":{"line":35,"column":21},"end":{"line":35,"column":53}}],"line":35},"5":{"loc":{"start":{"line":39,"column":4},"end":{"line":41,"column":null}},"type":"if","locations":[{"start":{"line":39,"column":4},"end":{"line":41,"column":null}},{"start":{},"end":{}}],"line":39},"6":{"loc":{"start":{"line":39,"column":8},"end":{"line":39,"column":62}},"type":"binary-expr","locations":[{"start":{"line":39,"column":8},"end":{"line":39,"column":16}},{"start":{"line":39,"column":16},"end":{"line":39,"column":43}},{"start":{"line":39,"column":43},"end":{"line":39,"column":62}}],"line":39},"7":{"loc":{"start":{"line":57,"column":4},"end":{"line":59,"column":null}},"type":"if","locations":[{"start":{"line":57,"column":4},"end":{"line":59,"column":null}},{"start":{},"end":{}}],"line":57},"8":{"loc":{"start":{"line":57,"column":8},"end":{"line":57,"column":53}},"type":"binary-expr","locations":[{"start":{"line":57,"column":8},"end":{"line":57,"column":21}},{"start":{"line":57,"column":21},"end":{"line":57,"column":53}}],"line":57}},"s":{"0":1,"1":1,"2":1,"3":1,"4":1,"5":0,"6":1,"7":1,"8":0,"9":1,"10":1,"11":1,"12":1,"13":0,"14":1,"15":0,"16":1,"17":1,"18":1,"19":0,"20":1,"21":1,"22":1,"23":1,"24":0,"25":1,"26":1,"27":1,"28":0},"f":{"0":1,"1":1,"2":1},"b":{"0":[1,1],"1":[1,1],"2":[1,1,1],"3":[0,1],"4":[1,1],"5":[0,1],"6":[1,1,1],"7":[0,1],"8":[1,1]},"meta":{"lastBranch":9,"lastFunction":3,"lastStatement":29,"seen":{"s:6:21:6:Infinity":0,"f:8:22:8:28":0,"s:9:2:27:Infinity":1,"s:10:20:10:Infinity":2,"s:12:4:16:Infinity":3,"s:13:6:13:Infinity":4,"b:13:19:13:69:13:69:13:Infinity":0,"s:15:6:15:Infinity":5,"s:19:29:19:Infinity":6,"b:19:29:19:44:19:44:19:Infinity":1,"s:21:4:24:Infinity":7,"b:23:48:23:61:23:61:23:91:23:91:23:93":2,"s:26:4:26:Infinity":8,"f:30:22:30:27":1,"s:31:2:49:Infinity":9,"s:32:17:32:Infinity":10,"s:33:30:33:Infinity":11,"b:35:4:37:Infinity:undefined:undefined:undefined:undefined":3,"s:35:4:37:Infinity":12,"b:35:8:35:21:35:21:35:53":4,"s:36:6:36:Infinity":13,"b:39:4:41:Infinity:undefined:undefined:undefined:undefined":5,"s:39:4:41:Infinity":14,"b:39:8:39:16:39:16:39:43:39:43:39:62":6,"s:40:6:40:Infinity":15,"s:43:18:43:Infinity":16,"s:44:4:44:Infinity":17,"s:46:4:46:Infinity":18,"s:48:4:48:Infinity":19,"f:52:22:52:29":2,"s:53:2:67:Infinity":20,"s:54:29:54:Infinity":21,"s:55:21:55:Infinity":22,"b:57:4:59:Infinity:undefined:undefined:undefined:undefined":7,"s:57:4:59:Infinity":23,"b:57:8:57:21:57:21:57:53":8,"s:58:6:58:Infinity":24,"s:61:18:61:Infinity":25,"s:62:4:62:Infinity":26,"s:64:4:64:Infinity":27,"s:66:4:66:Infinity":28},"fnNames":{}}}
,"D:\\FlowForge AI\\src\\app\\api\\workflows\\route.ts": {"path":"D:\\FlowForge AI\\src\\app\\api\\workflows\\route.ts","statementMap":{"0":{"start":{"line":8,"column":21},"end":{"line":8,"column":null}},"1":{"start":{"line":11,"column":2},"end":{"line":22,"column":null}},"2":{"start":{"line":12,"column":4},"end":{"line":12,"column":null}},"3":{"start":{"line":14,"column":29},"end":{"line":14,"column":null}},"4":{"start":{"line":15,"column":17},"end":{"line":15,"column":null}},"5":{"start":{"line":16,"column":18},"end":{"line":16,"column":null}},"6":{"start":{"line":18,"column":22},"end":{"line":18,"column":null}},"7":{"start":{"line":19,"column":4},"end":{"line":19,"column":null}},"8":{"start":{"line":21,"column":4},"end":{"line":21,"column":null}},"9":{"start":{"line":26,"column":2},"end":{"line":47,"column":null}},"10":{"start":{"line":27,"column":4},"end":{"line":27,"column":null}},"11":{"start":{"line":29,"column":17},"end":{"line":29,"column":null}},"12":{"start":{"line":30,"column":4},"end":{"line":30,"column":null}},"13":{"start":{"line":32,"column":4},"end":{"line":34,"column":null}},"14":{"start":{"line":33,"column":6},"end":{"line":33,"column":null}},"15":{"start":{"line":36,"column":22},"end":{"line":36,"column":null}},"16":{"start":{"line":38,"column":21},"end":{"line":38,"column":null}},"17":{"start":{"line":40,"column":25},"end":{"line":40,"column":null}},"18":{"start":{"line":41,"column":4},"end":{"line":41,"column":null}},"19":{"start":{"line":43,"column":4},"end":{"line":43,"column":null}},"20":{"start":{"line":45,"column":4},"end":{"line":45,"column":null}},"21":{"start":{"line":46,"column":4},"end":{"line":46,"column":null}}},"fnMap":{"0":{"name":"GET","decl":{"start":{"line":10,"column":22},"end":{"line":10,"column":26}},"loc":{"start":{"line":10,"column":44},"end":{"line":23,"column":null}},"line":10},"1":{"name":"POST","decl":{"start":{"line":25,"column":22},"end":{"line":25,"column":27}},"loc":{"start":{"line":25,"column":45},"end":{"line":48,"column":null}},"line":25}},"branchMap":{"0":{"loc":{"start":{"line":15,"column":26},"end":{"line":15,"column":59}},"type":"binary-expr","locations":[{"start":{"line":15,"column":26},"end":{"line":15,"column":54}},{"start":{"line":15,"column":54},"end":{"line":15,"column":59}}],"line":15},"1":{"loc":{"start":{"line":16,"column":27},"end":{"line":16,"column":62}},"type":"binary-expr","locations":[{"start":{"line":16,"column":27},"end":{"line":16,"column":56}},{"start":{"line":16,"column":56},"end":{"line":16,"column":62}}],"line":16},"2":{"loc":{"start":{"line":32,"column":4},"end":{"line":34,"column":null}},"type":"if","locations":[{"start":{"line":32,"column":4},"end":{"line":34,"column":null}},{"start":{},"end":{}}],"line":32},"3":{"loc":{"start":{"line":36,"column":22},"end":{"line":36,"column":null}},"type":"binary-expr","locations":[{"start":{"line":36,"column":22},"end":{"line":36,"column":40}},{"start":{"line":36,"column":40},"end":{"line":36,"column":null}}],"line":36}},"s":{"0":1,"1":1,"2":1,"3":1,"4":1,"5":1,"6":1,"7":1,"8":0,"9":1,"10":1,"11":1,"12":1,"13":1,"14":0,"15":1,"16":1,"17":1,"18":1,"19":1,"20":0,"21":0},"f":{"0":1,"1":1},"b":{"0":[1,1],"1":[1,1],"2":[0,1],"3":[1,1]},"meta":{"lastBranch":4,"lastFunction":2,"lastStatement":22,"seen":{"s:8:21:8:Infinity":0,"f:10:22:10:26":0,"s:11:2:22:Infinity":1,"s:12:4:12:Infinity":2,"s:14:29:14:Infinity":3,"s:15:17:15:Infinity":4,"b:15:26:15:54:15:54:15:59":0,"s:16:18:16:Infinity":5,"b:16:27:16:56:16:56:16:62":1,"s:18:22:18:Infinity":6,"s:19:4:19:Infinity":7,"s:21:4:21:Infinity":8,"f:25:22:25:27":1,"s:26:2:47:Infinity":9,"s:27:4:27:Infinity":10,"s:29:17:29:Infinity":11,"s:30:4:30:Infinity":12,"b:32:4:34:Infinity:undefined:undefined:undefined:undefined":2,"s:32:4:34:Infinity":13,"s:33:6:33:Infinity":14,"s:36:22:36:Infinity":15,"b:36:22:36:40:36:40:36:Infinity":3,"s:38:21:38:Infinity":16,"s:40:25:40:Infinity":17,"s:41:4:41:Infinity":18,"s:43:4:43:Infinity":19,"s:45:4:45:Infinity":20,"s:46:4:46:Infinity":21},"fnNames":{}}}
,"D:\\FlowForge AI\\src\\app\\api\\workflows\\[id]\\route.ts": {"path":"D:\\FlowForge AI\\src\\app\\api\\workflows\\[id]\\route.ts","statementMap":{"0":{"start":{"line":6,"column":21},"end":{"line":6,"column":null}},"1":{"start":{"line":9,"column":17},"end":{"line":9,"column":null}},"2":{"start":{"line":10,"column":2},"end":{"line":19,"column":null}},"3":{"start":{"line":11,"column":4},"end":{"line":11,"column":null}},"4":{"start":{"line":13,"column":21},"end":{"line":13,"column":null}},"5":{"start":{"line":14,"column":4},"end":{"line":14,"column":null}},"6":{"start":{"line":14,"column":19},"end":{"line":14,"column":null}},"7":{"start":{"line":16,"column":4},"end":{"line":16,"column":null}},"8":{"start":{"line":18,"column":4},"end":{"line":18,"column":null}},"9":{"start":{"line":23,"column":17},"end":{"line":23,"column":null}},"10":{"start":{"line":24,"column":2},"end":{"line":47,"column":null}},"11":{"start":{"line":25,"column":4},"end":{"line":25,"column":null}},"12":{"start":{"line":27,"column":4},"end":{"line":30,"column":null}},"13":{"start":{"line":28,"column":6},"end":{"line":28,"column":null}},"14":{"start":{"line":29,"column":6},"end":{"line":29,"column":null}},"15":{"start":{"line":32,"column":17},"end":{"line":32,"column":null}},"16":{"start":{"line":33,"column":4},"end":{"line":33,"column":null}},"17":{"start":{"line":35,"column":21},"end":{"line":35,"column":null}},"18":{"start":{"line":37,"column":4},"end":{"line":40,"column":null}},"19":{"start":{"line":38,"column":6},"end":{"line":38,"column":null}},"20":{"start":{"line":39,"column":6},"end":{"line":39,"column":null}},"21":{"start":{"line":42,"column":4},"end":{"line":42,"column":null}},"22":{"start":{"line":43,"column":4},"end":{"line":43,"column":null}},"23":{"start":{"line":45,"column":4},"end":{"line":45,"column":null}},"24":{"start":{"line":46,"column":4},"end":{"line":46,"column":null}},"25":{"start":{"line":51,"column":17},"end":{"line":51,"column":null}},"26":{"start":{"line":52,"column":2},"end":{"line":61,"column":null}},"27":{"start":{"line":53,"column":4},"end":{"line":53,"column":null}},"28":{"start":{"line":55,"column":20},"end":{"line":55,"column":null}},"29":{"start":{"line":56,"column":4},"end":{"line":56,"column":null}},"30":{"start":{"line":56,"column":18},"end":{"line":56,"column":null}},"31":{"start":{"line":58,"column":4},"end":{"line":58,"column":null}},"32":{"start":{"line":60,"column":4},"end":{"line":60,"column":null}}},"fnMap":{"0":{"name":"GET","decl":{"start":{"line":8,"column":22},"end":{"line":8,"column":26}},"loc":{"start":{"line":8,"column":88},"end":{"line":20,"column":null}},"line":8},"1":{"name":"PUT","decl":{"start":{"line":22,"column":22},"end":{"line":22,"column":26}},"loc":{"start":{"line":22,"column":88},"end":{"line":48,"column":null}},"line":22},"2":{"name":"DELETE","decl":{"start":{"line":50,"column":22},"end":{"line":50,"column":29}},"loc":{"start":{"line":50,"column":91},"end":{"line":62,"column":null}},"line":50}},"branchMap":{"0":{"loc":{"start":{"line":14,"column":4},"end":{"line":14,"column":null}},"type":"if","locations":[{"start":{"line":14,"column":4},"end":{"line":14,"column":null}},{"start":{},"end":{}}],"line":14},"1":{"loc":{"start":{"line":27,"column":4},"end":{"line":30,"column":null}},"type":"if","locations":[{"start":{"line":27,"column":4},"end":{"line":30,"column":null}},{"start":{},"end":{}}],"line":27},"2":{"loc":{"start":{"line":27,"column":8},"end":{"line":27,"column":49}},"type":"binary-expr","locations":[{"start":{"line":27,"column":8},"end":{"line":27,"column":22}},{"start":{"line":27,"column":22},"end":{"line":27,"column":49}}],"line":27},"3":{"loc":{"start":{"line":37,"column":4},"end":{"line":40,"column":null}},"type":"if","locations":[{"start":{"line":37,"column":4},"end":{"line":40,"column":null}},{"start":{},"end":{}}],"line":37},"4":{"loc":{"start":{"line":56,"column":4},"end":{"line":56,"column":null}},"type":"if","locations":[{"start":{"line":56,"column":4},"end":{"line":56,"column":null}},{"start":{},"end":{}}],"line":56}},"s":{"0":1,"1":1,"2":1,"3":1,"4":1,"5":1,"6":0,"7":1,"8":0,"9":0,"10":0,"11":0,"12":0,"13":0,"14":0,"15":0,"16":0,"17":0,"18":0,"19":0,"20":0,"21":0,"22":0,"23":0,"24":0,"25":0,"26":0,"27":0,"28":0,"29":0,"30":0,"31":0,"32":0},"f":{"0":1,"1":0,"2":0},"b":{"0":[0,1],"1":[0,0],"2":[0,0],"3":[0,0],"4":[0,0]},"meta":{"lastBranch":5,"lastFunction":3,"lastStatement":33,"seen":{"s:6:21:6:Infinity":0,"f:8:22:8:26":0,"s:9:17:9:Infinity":1,"s:10:2:19:Infinity":2,"s:11:4:11:Infinity":3,"s:13:21:13:Infinity":4,"b:14:4:14:Infinity:undefined:undefined:undefined:undefined":0,"s:14:4:14:Infinity":5,"s:14:19:14:Infinity":6,"s:16:4:16:Infinity":7,"s:18:4:18:Infinity":8,"f:22:22:22:26":1,"s:23:17:23:Infinity":9,"s:24:2:47:Infinity":10,"s:25:4:25:Infinity":11,"b:27:4:30:Infinity:undefined:undefined:undefined:undefined":1,"s:27:4:30:Infinity":12,"b:27:8:27:22:27:22:27:49":2,"s:28:6:28:Infinity":13,"s:29:6:29:Infinity":14,"s:32:17:32:Infinity":15,"s:33:4:33:Infinity":16,"s:35:21:35:Infinity":17,"b:37:4:40:Infinity:undefined:undefined:undefined:undefined":3,"s:37:4:40:Infinity":18,"s:38:6:38:Infinity":19,"s:39:6:39:Infinity":20,"s:42:4:42:Infinity":21,"s:43:4:43:Infinity":22,"s:45:4:45:Infinity":23,"s:46:4:46:Infinity":24,"f:50:22:50:29":2,"s:51:17:51:Infinity":25,"s:52:2:61:Infinity":26,"s:53:4:53:Infinity":27,"s:55:20:55:Infinity":28,"b:56:4:56:Infinity:undefined:undefined:undefined:undefined":4,"s:56:4:56:Infinity":29,"s:56:18:56:Infinity":30,"s:58:4:58:Infinity":31,"s:60:4:60:Infinity":32},"fnNames":{}}}
,"D:\\FlowForge AI\\src\\app\\api\\workflows\\[id]\\execute\\route.ts": {"path":"D:\\FlowForge AI\\src\\app\\api\\workflows\\[id]\\execute\\route.ts","statementMap":{"0":{"start":{"line":9,"column":21},"end":{"line":9,"column":null}},"1":{"start":{"line":10,"column":22},"end":{"line":10,"column":null}},"2":{"start":{"line":11,"column":23},"end":{"line":11,"column":null}},"3":{"start":{"line":12,"column":15},"end":{"line":12,"column":null}},"4":{"start":{"line":15,"column":17},"end":{"line":15,"column":null}},"5":{"start":{"line":16,"column":2},"end":{"line":27,"column":null}},"6":{"start":{"line":17,"column":4},"end":{"line":17,"column":null}},"7":{"start":{"line":19,"column":17},"end":{"line":19,"column":null}},"8":{"start":{"line":20,"column":18},"end":{"line":20,"column":null}},"9":{"start":{"line":22,"column":24},"end":{"line":22,"column":null}},"10":{"start":{"line":24,"column":4},"end":{"line":24,"column":null}},"11":{"start":{"line":26,"column":4},"end":{"line":26,"column":null}}},"fnMap":{"0":{"name":"POST","decl":{"start":{"line":14,"column":22},"end":{"line":14,"column":27}},"loc":{"start":{"line":14,"column":89},"end":{"line":28,"column":null}},"line":14}},"branchMap":{"0":{"loc":{"start":{"line":20,"column":18},"end":{"line":20,"column":null}},"type":"binary-expr","locations":[{"start":{"line":20,"column":18},"end":{"line":20,"column":32}},{"start":{"line":20,"column":32},"end":{"line":20,"column":null}}],"line":20}},"s":{"0":0,"1":0,"2":0,"3":0,"4":0,"5":0,"6":0,"7":0,"8":0,"9":0,"10":0,"11":0},"f":{"0":0},"b":{"0":[0,0]},"meta":{"lastBranch":1,"lastFunction":1,"lastStatement":12,"seen":{"s:9:21:9:Infinity":0,"s:10:22:10:Infinity":1,"s:11:23:11:Infinity":2,"s:12:15:12:Infinity":3,"f:14:22:14:27":0,"s:15:17:15:Infinity":4,"s:16:2:27:Infinity":5,"s:17:4:17:Infinity":6,"s:19:17:19:Infinity":7,"s:20:18:20:Infinity":8,"b:20:18:20:32:20:32:20:Infinity":0,"s:22:24:22:Infinity":9,"s:24:4:24:Infinity":10,"s:26:4:26:Infinity":11},"fnNames":{}}}
,"D:\\FlowForge AI\\src\\repositories\\SettingsRepository.ts": {"path":"D:\\FlowForge AI\\src\\repositories\\SettingsRepository.ts","statementMap":{"0":{"start":{"line":7,"column":4},"end":{"line":7,"column":null}},"1":{"start":{"line":8,"column":20},"end":{"line":8,"column":null}},"2":{"start":{"line":9,"column":4},"end":{"line":9,"column":null}},"3":{"start":{"line":9,"column":18},"end":{"line":9,"column":null}},"4":{"start":{"line":11,"column":4},"end":{"line":16,"column":null}},"5":{"start":{"line":12,"column":6},"end":{"line":12,"column":null}},"6":{"start":{"line":14,"column":6},"end":{"line":14,"column":null}},"7":{"start":{"line":15,"column":6},"end":{"line":15,"column":null}},"8":{"start":{"line":20,"column":4},"end":{"line":20,"column":null}},"9":{"start":{"line":21,"column":27},"end":{"line":21,"column":null}},"10":{"start":{"line":22,"column":4},"end":{"line":26,"column":null}},"11":{"start":{"line":30,"column":4},"end":{"line":30,"column":null}},"12":{"start":{"line":31,"column":4},"end":{"line":31,"column":null}}},"fnMap":{"0":{"name":"getSetting","decl":{"start":{"line":6,"column":8},"end":{"line":6,"column":19}},"loc":{"start":{"line":6,"column":56},"end":{"line":17,"column":null}},"line":6},"1":{"name":"setSetting","decl":{"start":{"line":19,"column":8},"end":{"line":19,"column":19}},"loc":{"start":{"line":19,"column":62},"end":{"line":27,"column":null}},"line":19},"2":{"name":"deleteSetting","decl":{"start":{"line":29,"column":8},"end":{"line":29,"column":22}},"loc":{"start":{"line":29,"column":50},"end":{"line":32,"column":null}},"line":29}},"branchMap":{"0":{"loc":{"start":{"line":9,"column":4},"end":{"line":9,"column":null}},"type":"if","locations":[{"start":{"line":9,"column":4},"end":{"line":9,"column":null}},{"start":{},"end":{}}],"line":9}},"s":{"0":3,"1":3,"2":3,"3":2,"4":1,"5":1,"6":0,"7":0,"8":2,"9":2,"10":2,"11":4,"12":4},"f":{"0":3,"1":2,"2":4},"b":{"0":[2,1]},"meta":{"lastBranch":1,"lastFunction":3,"lastStatement":13,"seen":{"f:6:8:6:19":0,"s:7:4:7:Infinity":0,"s:8:20:8:Infinity":1,"b:9:4:9:Infinity:undefined:undefined:undefined:undefined":0,"s:9:4:9:Infinity":2,"s:9:18:9:Infinity":3,"s:11:4:16:Infinity":4,"s:12:6:12:Infinity":5,"s:14:6:14:Infinity":6,"s:15:6:15:Infinity":7,"f:19:8:19:19":1,"s:20:4:20:Infinity":8,"s:21:27:21:Infinity":9,"s:22:4:26:Infinity":10,"f:29:8:29:22":2,"s:30:4:30:Infinity":11,"s:31:4:31:Infinity":12},"fnNames":{}}}
,"D:\\FlowForge AI\\src\\repositories\\WorkflowRepository.ts": {"path":"D:\\FlowForge AI\\src\\repositories\\WorkflowRepository.ts","statementMap":{"0":{"start":{"line":8,"column":4},"end":{"line":8,"column":null}},"1":{"start":{"line":12,"column":23},"end":{"line":12,"column":null}},"2":{"start":{"line":13,"column":21},"end":{"line":13,"column":null}},"3":{"start":{"line":14,"column":4},"end":{"line":14,"column":null}},"4":{"start":{"line":16,"column":4},"end":{"line":20,"column":null}},"5":{"start":{"line":22,"column":4},"end":{"line":22,"column":null}},"6":{"start":{"line":26,"column":23},"end":{"line":26,"column":null}},"7":{"start":{"line":27,"column":21},"end":{"line":31,"column":null}},"8":{"start":{"line":33,"column":4},"end":{"line":39,"column":null}},"9":{"start":{"line":34,"column":6},"end":{"line":38,"column":null}},"10":{"start":{"line":41,"column":4},"end":{"line":41,"column":null}},"11":{"start":{"line":45,"column":19},"end":{"line":45,"column":null}},"12":{"start":{"line":46,"column":4},"end":{"line":46,"column":null}},"13":{"start":{"line":50,"column":4},"end":{"line":50,"column":null}}},"fnMap":{"0":{"name":"getById","decl":{"start":{"line":7,"column":8},"end":{"line":7,"column":16}},"loc":{"start":{"line":7,"column":55},"end":{"line":9,"column":null}},"line":7},"1":{"name":"create","decl":{"start":{"line":11,"column":8},"end":{"line":11,"column":15}},"loc":{"start":{"line":11,"column":98},"end":{"line":23,"column":null}},"line":11},"2":{"name":"update","decl":{"start":{"line":25,"column":8},"end":{"line":25,"column":15}},"loc":{"start":{"line":25,"column":98},"end":{"line":42,"column":null}},"line":25},"3":{"name":"delete","decl":{"start":{"line":44,"column":8},"end":{"line":44,"column":15}},"loc":{"start":{"line":44,"column":45},"end":{"line":47,"column":null}},"line":44},"4":{"name":"list","decl":{"start":{"line":49,"column":8},"end":{"line":49,"column":13}},"loc":{"start":{"line":49,"column":73},"end":{"line":51,"column":null}},"line":49}},"branchMap":{"0":{"loc":{"start":{"line":33,"column":4},"end":{"line":39,"column":null}},"type":"if","locations":[{"start":{"line":33,"column":4},"end":{"line":39,"column":null}},{"start":{},"end":{}}],"line":33},"1":{"loc":{"start":{"line":49,"column":13},"end":{"line":49,"column":31}},"type":"default-arg","locations":[{"start":{"line":49,"column":28},"end":{"line":49,"column":31}}],"line":49},"2":{"loc":{"start":{"line":49,"column":31},"end":{"line":49,"column":73}},"type":"default-arg","locations":[{"start":{"line":49,"column":47},"end":{"line":49,"column":73}}],"line":49}},"s":{"0":1,"1":13,"2":13,"3":13,"4":13,"5":13,"6":1,"7":1,"8":1,"9":1,"10":1,"11":0,"12":0,"13":1},"f":{"0":1,"1":13,"2":1,"3":0,"4":1},"b":{"0":[1,0],"1":[1],"2":[1]},"meta":{"lastBranch":3,"lastFunction":5,"lastStatement":14,"seen":{"f:7:8:7:16":0,"s:8:4:8:Infinity":0,"f:11:8:11:15":1,"s:12:23:12:Infinity":1,"s:13:21:13:Infinity":2,"s:14:4:14:Infinity":3,"s:16:4:20:Infinity":4,"s:22:4:22:Infinity":5,"f:25:8:25:15":2,"s:26:23:26:Infinity":6,"s:27:21:31:Infinity":7,"b:33:4:39:Infinity:undefined:undefined:undefined:undefined":0,"s:33:4:39:Infinity":8,"s:34:6:38:Infinity":9,"s:41:4:41:Infinity":10,"f:44:8:44:15":3,"s:45:19:45:Infinity":11,"s:46:4:46:Infinity":12,"f:49:8:49:13":4,"b:49:28:49:31":1,"b:49:47:49:73":2,"s:50:4:50:Infinity":13},"fnNames":{}}}
,"D:\\FlowForge AI\\src\\repositories\\WorkflowRunRepository.ts": {"path":"D:\\FlowForge AI\\src\\repositories\\WorkflowRunRepository.ts","statementMap":{"0":{"start":{"line":7,"column":4},"end":{"line":7,"column":null}},"1":{"start":{"line":11,"column":23},"end":{"line":11,"column":null}},"2":{"start":{"line":12,"column":16},"end":{"line":12,"column":null}},"3":{"start":{"line":13,"column":4},"end":{"line":13,"column":null}},"4":{"start":{"line":17,"column":23},"end":{"line":17,"column":null}},"5":{"start":{"line":18,"column":4},"end":{"line":18,"column":null}},"6":{"start":{"line":22,"column":4},"end":{"line":22,"column":null}}},"fnMap":{"0":{"name":"getById","decl":{"start":{"line":6,"column":8},"end":{"line":6,"column":16}},"loc":{"start":{"line":6,"column":58},"end":{"line":8,"column":null}},"line":6},"1":{"name":"startRun","decl":{"start":{"line":10,"column":8},"end":{"line":10,"column":17}},"loc":{"start":{"line":10,"column":78},"end":{"line":14,"column":null}},"line":10},"2":{"name":"updateStatus","decl":{"start":{"line":16,"column":8},"end":{"line":16,"column":21}},"loc":{"start":{"line":16,"column":108},"end":{"line":19,"column":null}},"line":16},"3":{"name":"getRunsByWorkflowVersion","decl":{"start":{"line":21,"column":8},"end":{"line":21,"column":33}},"loc":{"start":{"line":21,"column":123},"end":{"line":23,"column":null}},"line":21}},"branchMap":{"0":{"loc":{"start":{"line":21,"column":60},"end":{"line":21,"column":78}},"type":"default-arg","locations":[{"start":{"line":21,"column":75},"end":{"line":21,"column":78}}],"line":21},"1":{"loc":{"start":{"line":21,"column":78},"end":{"line":21,"column":123}},"type":"default-arg","locations":[{"start":{"line":21,"column":94},"end":{"line":21,"column":123}}],"line":21}},"s":{"0":17,"1":9,"2":9,"3":9,"4":17,"5":17,"6":0},"f":{"0":17,"1":9,"2":17,"3":0},"b":{"0":[0],"1":[0]},"meta":{"lastBranch":2,"lastFunction":4,"lastStatement":7,"seen":{"f:6:8:6:16":0,"s:7:4:7:Infinity":0,"f:10:8:10:17":1,"s:11:23:11:Infinity":1,"s:12:16:12:Infinity":2,"s:13:4:13:Infinity":3,"f:16:8:16:21":2,"s:17:23:17:Infinity":4,"s:18:4:18:Infinity":5,"f:21:8:21:33":3,"b:21:75:21:78":0,"b:21:94:21:123":1,"s:22:4:22:Infinity":6},"fnNames":{}}}
,"D:\\FlowForge AI\\src\\server\\ai\\AIProvider.ts": {"path":"D:\\FlowForge AI\\src\\server\\ai\\AIProvider.ts","statementMap":{},"fnMap":{},"branchMap":{},"s":{},"f":{},"b":{},"meta":{"lastBranch":0,"lastFunction":0,"lastStatement":0,"seen":{},"fnNames":{}}}
,"D:\\FlowForge AI\\src\\server\\ai\\AIService.ts": {"path":"D:\\FlowForge AI\\src\\server\\ai\\AIService.ts","statementMap":{"0":{"start":{"line":11,"column":22},"end":{"line":11,"column":54}},"1":{"start":{"line":8,"column":40},"end":{"line":8,"column":null}},"2":{"start":{"line":12,"column":4},"end":{"line":12,"column":null}},"3":{"start":{"line":16,"column":4},"end":{"line":16,"column":null}},"4":{"start":{"line":16,"column":23},"end":{"line":16,"column":null}},"5":{"start":{"line":18,"column":19},"end":{"line":18,"column":null}},"6":{"start":{"line":19,"column":4},"end":{"line":19,"column":null}},"7":{"start":{"line":21,"column":4},"end":{"line":21,"column":null}},"8":{"start":{"line":30,"column":23},"end":{"line":30,"column":null}},"9":{"start":{"line":31,"column":18},"end":{"line":31,"column":null}},"10":{"start":{"line":32,"column":21},"end":{"line":32,"column":null}},"11":{"start":{"line":34,"column":4},"end":{"line":59,"column":null}},"12":{"start":{"line":35,"column":6},"end":{"line":58,"column":null}},"13":{"start":{"line":36,"column":26},"end":{"line":36,"column":null}},"14":{"start":{"line":38,"column":8},"end":{"line":41,"column":null}},"15":{"start":{"line":43,"column":23},"end":{"line":43,"column":null}},"16":{"start":{"line":45,"column":24},"end":{"line":45,"column":null}},"17":{"start":{"line":47,"column":8},"end":{"line":49,"column":null}},"18":{"start":{"line":51,"column":8},"end":{"line":51,"column":null}},"19":{"start":{"line":53,"column":8},"end":{"line":53,"column":null}},"20":{"start":{"line":54,"column":8},"end":{"line":56,"column":null}},"21":{"start":{"line":55,"column":10},"end":{"line":55,"column":null}},"22":{"start":{"line":57,"column":8},"end":{"line":57,"column":null}},"23":{"start":{"line":63,"column":19},"end":{"line":63,"column":null}},"24":{"start":{"line":64,"column":4},"end":{"line":64,"column":null}},"25":{"start":{"line":68,"column":19},"end":{"line":68,"column":null}},"26":{"start":{"line":69,"column":4},"end":{"line":69,"column":null}}},"fnMap":{"0":{"name":"constructor","decl":{"start":{"line":11,"column":2},"end":{"line":11,"column":14}},"loc":{"start":{"line":11,"column":54},"end":{"line":13,"column":null}},"line":11},"1":{"name":"getProvider","decl":{"start":{"line":15,"column":16},"end":{"line":15,"column":51}},"loc":{"start":{"line":15,"column":51},"end":{"line":22,"column":null}},"line":15},"2":{"name":"executeWithRetry","decl":{"start":{"line":24,"column":16},"end":{"line":24,"column":null}},"loc":{"start":{"line":29,"column":18},"end":{"line":60,"column":null}},"line":29},"3":{"name":"extract","decl":{"start":{"line":62,"column":8},"end":{"line":62,"column":16}},"loc":{"start":{"line":62,"column":99},"end":{"line":65,"column":null}},"line":62},"4":{"name":"classify","decl":{"start":{"line":67,"column":8},"end":{"line":67,"column":17}},"loc":{"start":{"line":67,"column":100},"end":{"line":70,"column":null}},"line":67}},"branchMap":{"0":{"loc":{"start":{"line":16,"column":4},"end":{"line":16,"column":null}},"type":"if","locations":[{"start":{"line":16,"column":4},"end":{"line":16,"column":null}},{"start":{},"end":{}}],"line":16},"1":{"loc":{"start":{"line":19,"column":39},"end":{"line":19,"column":58}},"type":"binary-expr","locations":[{"start":{"line":19,"column":39},"end":{"line":19,"column":49}},{"start":{"line":19,"column":49},"end":{"line":19,"column":58}}],"line":19},"2":{"loc":{"start":{"line":54,"column":8},"end":{"line":56,"column":null}},"type":"if","locations":[{"start":{"line":54,"column":8},"end":{"line":56,"column":null}},{"start":{},"end":{}}],"line":54}},"s":{"0":3,"1":3,"2":3,"3":2,"4":0,"5":2,"6":2,"7":2,"8":2,"9":2,"10":2,"11":2,"12":2,"13":2,"14":2,"15":2,"16":2,"17":2,"18":2,"19":0,"20":0,"21":0,"22":0,"23":1,"24":1,"25":1,"26":1},"f":{"0":3,"1":2,"2":2,"3":1,"4":1},"b":{"0":[0,2],"1":[2,2],"2":[0,0]},"meta":{"lastBranch":3,"lastFunction":5,"lastStatement":27,"seen":{"f:11:2:11:14":0,"s:11:22:11:54":0,"s:8:40:8:Infinity":1,"s:12:4:12:Infinity":2,"f:15:16:15:51":1,"b:16:4:16:Infinity:undefined:undefined:undefined:undefined":0,"s:16:4:16:Infinity":3,"s:16:23:16:Infinity":4,"s:18:19:18:Infinity":5,"s:19:4:19:Infinity":6,"b:19:39:19:49:19:49:19:58":1,"s:21:4:21:Infinity":7,"f:24:16:24:Infinity":2,"s:30:23:30:Infinity":8,"s:31:18:31:Infinity":9,"s:32:21:32:Infinity":10,"s:34:4:59:Infinity":11,"s:35:6:58:Infinity":12,"s:36:26:36:Infinity":13,"s:38:8:41:Infinity":14,"s:43:23:43:Infinity":15,"s:45:24:45:Infinity":16,"s:47:8:49:Infinity":17,"s:51:8:51:Infinity":18,"s:53:8:53:Infinity":19,"b:54:8:56:Infinity:undefined:undefined:undefined:undefined":2,"s:54:8:56:Infinity":20,"s:55:10:55:Infinity":21,"s:57:8:57:Infinity":22,"f:62:8:62:16":3,"s:63:19:63:Infinity":23,"s:64:4:64:Infinity":24,"f:67:8:67:17":4,"s:68:19:68:Infinity":25,"s:69:4:69:Infinity":26},"fnNames":{}}}
,"D:\\FlowForge AI\\src\\server\\ai\\GeminiProvider.ts": {"path":"D:\\FlowForge AI\\src\\server\\ai\\GeminiProvider.ts","statementMap":{"0":{"start":{"line":9,"column":4},"end":{"line":9,"column":null}},"1":{"start":{"line":10,"column":4},"end":{"line":10,"column":null}},"2":{"start":{"line":14,"column":4},"end":{"line":14,"column":null}},"3":{"start":{"line":18,"column":4},"end":{"line":18,"column":null}},"4":{"start":{"line":22,"column":18},"end":{"line":27,"column":null}},"5":{"start":{"line":29,"column":23},"end":{"line":29,"column":null}},"6":{"start":{"line":32,"column":24},"end":{"line":32,"column":null}},"7":{"start":{"line":34,"column":19},"end":{"line":34,"column":null}},"8":{"start":{"line":35,"column":21},"end":{"line":35,"column":null}},"9":{"start":{"line":36,"column":17},"end":{"line":36,"column":null}},"10":{"start":{"line":38,"column":4},"end":{"line":42,"column":null}},"11":{"start":{"line":39,"column":6},"end":{"line":39,"column":null}},"12":{"start":{"line":41,"column":6},"end":{"line":41,"column":null}}},"fnMap":{"0":{"name":"constructor","decl":{"start":{"line":8,"column":2},"end":{"line":8,"column":14}},"loc":{"start":{"line":8,"column":31},"end":{"line":11,"column":null}},"line":8},"1":{"name":"getProviderName","decl":{"start":{"line":13,"column":2},"end":{"line":13,"column":28}},"loc":{"start":{"line":13,"column":28},"end":{"line":15,"column":null}},"line":13},"2":{"name":"getModelName","decl":{"start":{"line":17,"column":2},"end":{"line":17,"column":25}},"loc":{"start":{"line":17,"column":25},"end":{"line":19,"column":null}},"line":17},"3":{"name":"generateJSON","decl":{"start":{"line":21,"column":8},"end":{"line":21,"column":21}},"loc":{"start":{"line":21,"column":82},"end":{"line":43,"column":null}},"line":21}},"branchMap":{"0":{"loc":{"start":{"line":9,"column":40},"end":{"line":9,"column":91}},"type":"binary-expr","locations":[{"start":{"line":9,"column":40},"end":{"line":9,"column":50}},{"start":{"line":9,"column":50},"end":{"line":9,"column":80}},{"start":{"line":9,"column":80},"end":{"line":9,"column":91}}],"line":9},"1":{"loc":{"start":{"line":10,"column":21},"end":{"line":10,"column":null}},"type":"binary-expr","locations":[{"start":{"line":10,"column":21},"end":{"line":10,"column":49}},{"start":{"line":10,"column":49},"end":{"line":10,"column":null}}],"line":10},"2":{"loc":{"start":{"line":29,"column":23},"end":{"line":29,"column":null}},"type":"cond-expr","locations":[{"start":{"line":29,"column":33},"end":{"line":29,"column":94}},{"start":{"line":29,"column":94},"end":{"line":29,"column":null}}],"line":29}},"s":{"0":3,"1":3,"2":1,"3":1,"4":1,"5":1,"6":1,"7":1,"8":1,"9":1,"10":1,"11":1,"12":0},"f":{"0":3,"1":1,"2":1,"3":1},"b":{"0":[3,0,0],"1":[3,3],"2":[1,0]},"meta":{"lastBranch":3,"lastFunction":4,"lastStatement":13,"seen":{"f:8:2:8:14":0,"s:9:4:9:Infinity":0,"b:9:40:9:50:9:50:9:80:9:80:9:91":0,"s:10:4:10:Infinity":1,"b:10:21:10:49:10:49:10:Infinity":1,"f:13:2:13:28":1,"s:14:4:14:Infinity":2,"f:17:2:17:25":2,"s:18:4:18:Infinity":3,"f:21:8:21:21":3,"s:22:18:27:Infinity":4,"s:29:23:29:Infinity":5,"b:29:33:29:94:29:94:29:Infinity":2,"s:32:24:32:Infinity":6,"s:34:19:34:Infinity":7,"s:35:21:35:Infinity":8,"s:36:17:36:Infinity":9,"s:38:4:42:Infinity":10,"s:39:6:39:Infinity":11,"s:41:6:41:Infinity":12},"fnNames":{}}}
,"D:\\FlowForge AI\\src\\server\\engine\\ExecutorFactory.ts": {"path":"D:\\FlowForge AI\\src\\server\\engine\\ExecutorFactory.ts","statementMap":{"0":{"start":{"line":14,"column":22},"end":{"line":14,"column":44}},"1":{"start":{"line":17,"column":4},"end":{"line":36,"column":null}},"2":{"start":{"line":19,"column":8},"end":{"line":19,"column":null}},"3":{"start":{"line":21,"column":8},"end":{"line":21,"column":null}},"4":{"start":{"line":23,"column":8},"end":{"line":23,"column":null}},"5":{"start":{"line":25,"column":8},"end":{"line":25,"column":null}},"6":{"start":{"line":27,"column":8},"end":{"line":27,"column":null}},"7":{"start":{"line":29,"column":8},"end":{"line":29,"column":null}},"8":{"start":{"line":31,"column":8},"end":{"line":31,"column":null}},"9":{"start":{"line":33,"column":8},"end":{"line":33,"column":null}},"10":{"start":{"line":35,"column":8},"end":{"line":35,"column":null}}},"fnMap":{"0":{"name":"constructor","decl":{"start":{"line":14,"column":2},"end":{"line":14,"column":14}},"loc":{"start":{"line":14,"column":44},"end":{"line":14,"column":null}},"line":14},"1":{"name":"getExecutor","decl":{"start":{"line":16,"column":2},"end":{"line":16,"column":14}},"loc":{"start":{"line":16,"column":60},"end":{"line":37,"column":null}},"line":16}},"branchMap":{"0":{"loc":{"start":{"line":17,"column":4},"end":{"line":36,"column":null}},"type":"switch","locations":[{"start":{"line":18,"column":6},"end":{"line":19,"column":null}},{"start":{"line":20,"column":6},"end":{"line":21,"column":null}},{"start":{"line":22,"column":6},"end":{"line":23,"column":null}},{"start":{"line":24,"column":6},"end":{"line":25,"column":null}},{"start":{"line":26,"column":6},"end":{"line":27,"column":null}},{"start":{"line":28,"column":6},"end":{"line":29,"column":null}},{"start":{"line":30,"column":6},"end":{"line":31,"column":null}},{"start":{"line":32,"column":6},"end":{"line":33,"column":null}},{"start":{"line":34,"column":6},"end":{"line":35,"column":null}}],"line":17}},"s":{"0":4,"1":13,"2":3,"3":0,"4":0,"5":0,"6":2,"7":2,"8":1,"9":5,"10":0},"f":{"0":4,"1":13},"b":{"0":[3,0,0,0,2,2,1,5,0]},"meta":{"lastBranch":1,"lastFunction":2,"lastStatement":11,"seen":{"f:14:2:14:14":0,"s:14:22:14:44":0,"f:16:2:16:14":1,"b:18:6:19:Infinity:20:6:21:Infinity:22:6:23:Infinity:24:6:25:Infinity:26:6:27:Infinity:28:6:29:Infinity:30:6:31:Infinity:32:6:33:Infinity:34:6:35:Infinity":0,"s:17:4:36:Infinity":1,"s:19:8:19:Infinity":2,"s:21:8:21:Infinity":3,"s:23:8:23:Infinity":4,"s:25:8:25:Infinity":5,"s:27:8:27:Infinity":6,"s:29:8:29:Infinity":7,"s:31:8:31:Infinity":8,"s:33:8:33:Infinity":9,"s:35:8:35:Infinity":10},"fnNames":{}}}
,"D:\\FlowForge AI\\src\\server\\engine\\WorkflowEngine.ts": {"path":"D:\\FlowForge AI\\src\\server\\engine\\WorkflowEngine.ts","statementMap":{"0":{"start":{"line":19,"column":12},"end":{"line":19,"column":null}},"1":{"start":{"line":20,"column":12},"end":{"line":20,"column":null}},"2":{"start":{"line":21,"column":12},"end":{"line":21,"column":null}},"3":{"start":{"line":23,"column":22},"end":{"line":23,"column":null}},"4":{"start":{"line":24,"column":4},"end":{"line":24,"column":null}},"5":{"start":{"line":28,"column":16},"end":{"line":31,"column":null}},"6":{"start":{"line":33,"column":4},"end":{"line":33,"column":null}},"7":{"start":{"line":35,"column":4},"end":{"line":35,"column":null}},"8":{"start":{"line":37,"column":4},"end":{"line":37,"column":null}},"9":{"start":{"line":41,"column":23},"end":{"line":41,"column":null}},"10":{"start":{"line":42,"column":4},"end":{"line":42,"column":null}},"11":{"start":{"line":42,"column":21},"end":{"line":42,"column":null}},"12":{"start":{"line":43,"column":4},"end":{"line":43,"column":null}},"13":{"start":{"line":47,"column":16},"end":{"line":47,"column":null}},"14":{"start":{"line":48,"column":4},"end":{"line":48,"column":null}},"15":{"start":{"line":48,"column":14},"end":{"line":48,"column":null}},"16":{"start":{"line":50,"column":4},"end":{"line":52,"column":null}},"17":{"start":{"line":51,"column":6},"end":{"line":51,"column":null}},"18":{"start":{"line":54,"column":21},"end":{"line":54,"column":null}},"19":{"start":{"line":55,"column":4},"end":{"line":55,"column":null}},"20":{"start":{"line":55,"column":19},"end":{"line":55,"column":null}},"21":{"start":{"line":57,"column":4},"end":{"line":57,"column":null}},"22":{"start":{"line":60,"column":27},"end":{"line":60,"column":null}},"23":{"start":{"line":62,"column":47},"end":{"line":62,"column":null}},"24":{"start":{"line":63,"column":44},"end":{"line":63,"column":null}},"25":{"start":{"line":64,"column":45},"end":{"line":64,"column":null}},"26":{"start":{"line":66,"column":4},"end":{"line":88,"column":null}},"27":{"start":{"line":68,"column":24},"end":{"line":68,"column":null}},"28":{"start":{"line":68,"column":63},"end":{"line":68,"column":71}},"29":{"start":{"line":69,"column":24},"end":{"line":69,"column":null}},"30":{"start":{"line":69,"column":56},"end":{"line":69,"column":76}},"31":{"start":{"line":70,"column":6},"end":{"line":70,"column":null}},"32":{"start":{"line":70,"column":22},"end":{"line":70,"column":null}},"33":{"start":{"line":71,"column":6},"end":{"line":71,"column":null}},"34":{"start":{"line":73,"column":6},"end":{"line":78,"column":null}},"35":{"start":{"line":74,"column":8},"end":{"line":74,"column":null}},"36":{"start":{"line":75,"column":8},"end":{"line":77,"column":null}},"37":{"start":{"line":76,"column":10},"end":{"line":76,"column":null}},"38":{"start":{"line":80,"column":23},"end":{"line":80,"column":null}},"39":{"start":{"line":81,"column":6},"end":{"line":87,"column":null}},"40":{"start":{"line":82,"column":8},"end":{"line":82,"column":null}},"41":{"start":{"line":83,"column":13},"end":{"line":87,"column":null}},"42":{"start":{"line":85,"column":25},"end":{"line":85,"column":null}},"43":{"start":{"line":85,"column":57},"end":{"line":85,"column":81}},"44":{"start":{"line":86,"column":8},"end":{"line":86,"column":null}},"45":{"start":{"line":90,"column":21},"end":{"line":90,"column":null}},"46":{"start":{"line":93,"column":4},"end":{"line":107,"column":null}},"47":{"start":{"line":94,"column":19},"end":{"line":94,"column":null}},"48":{"start":{"line":94,"column":51},"end":{"line":94,"column":73}},"49":{"start":{"line":95,"column":6},"end":{"line":95,"column":null}},"50":{"start":{"line":95,"column":17},"end":{"line":95,"column":null}},"51":{"start":{"line":97,"column":12},"end":{"line":97,"column":null}},"52":{"start":{"line":98,"column":6},"end":{"line":98,"column":null}},"53":{"start":{"line":100,"column":25},"end":{"line":100,"column":null}},"54":{"start":{"line":102,"column":6},"end":{"line":104,"column":null}},"55":{"start":{"line":103,"column":8},"end":{"line":103,"column":null}},"56":{"start":{"line":106,"column":6},"end":{"line":106,"column":null}},"57":{"start":{"line":110,"column":4},"end":{"line":110,"column":null}},"58":{"start":{"line":111,"column":4},"end":{"line":111,"column":null}},"59":{"start":{"line":124,"column":24},"end":{"line":130,"column":null}},"60":{"start":{"line":132,"column":4},"end":{"line":132,"column":null}},"61":{"start":{"line":134,"column":26},"end":{"line":134,"column":null}},"62":{"start":{"line":135,"column":27},"end":{"line":135,"column":null}},"63":{"start":{"line":137,"column":4},"end":{"line":153,"column":null}},"64":{"start":{"line":138,"column":27},"end":{"line":138,"column":null}},"65":{"start":{"line":139,"column":6},"end":{"line":152,"column":null}},"66":{"start":{"line":140,"column":8},"end":{"line":140,"column":null}},"67":{"start":{"line":142,"column":8},"end":{"line":147,"column":null}},"68":{"start":{"line":149,"column":8},"end":{"line":149,"column":null}},"69":{"start":{"line":150,"column":8},"end":{"line":150,"column":null}},"70":{"start":{"line":151,"column":8},"end":{"line":151,"column":null}},"71":{"start":{"line":155,"column":38},"end":{"line":165,"column":null}},"72":{"start":{"line":167,"column":4},"end":{"line":219,"column":null}},"73":{"start":{"line":168,"column":23},"end":{"line":168,"column":null}},"74":{"start":{"line":169,"column":21},"end":{"line":169,"column":null}},"75":{"start":{"line":171,"column":6},"end":{"line":177,"column":null}},"76":{"start":{"line":172,"column":8},"end":{"line":172,"column":null}},"77":{"start":{"line":174,"column":8},"end":{"line":174,"column":null}},"78":{"start":{"line":175,"column":8},"end":{"line":175,"column":null}},"79":{"start":{"line":176,"column":8},"end":{"line":176,"column":null}},"80":{"start":{"line":179,"column":6},"end":{"line":181,"column":null}},"81":{"start":{"line":180,"column":8},"end":{"line":180,"column":null}},"82":{"start":{"line":183,"column":6},"end":{"line":191,"column":null}},"83":{"start":{"line":184,"column":8},"end":{"line":190,"column":null}},"84":{"start":{"line":193,"column":26},"end":{"line":193,"column":null}},"85":{"start":{"line":194,"column":6},"end":{"line":194,"column":null}},"86":{"start":{"line":196,"column":6},"end":{"line":201,"column":null}},"87":{"start":{"line":203,"column":6},"end":{"line":203,"column":null}},"88":{"start":{"line":205,"column":6},"end":{"line":205,"column":null}},"89":{"start":{"line":208,"column":6},"end":{"line":208,"column":null}},"90":{"start":{"line":209,"column":6},"end":{"line":209,"column":null}},"91":{"start":{"line":211,"column":6},"end":{"line":215,"column":null}},"92":{"start":{"line":217,"column":6},"end":{"line":217,"column":null}},"93":{"start":{"line":218,"column":6},"end":{"line":218,"column":null}},"94":{"start":{"line":223,"column":4},"end":{"line":225,"column":null}},"95":{"start":{"line":224,"column":6},"end":{"line":224,"column":null}},"96":{"start":{"line":227,"column":18},"end":{"line":227,"column":null}},"97":{"start":{"line":227,"column":52},"end":{"line":227,"column":79}},"98":{"start":{"line":228,"column":4},"end":{"line":228,"column":null}},"99":{"start":{"line":228,"column":28},"end":{"line":228,"column":null}},"100":{"start":{"line":229,"column":4},"end":{"line":229,"column":null}},"101":{"start":{"line":229,"column":51},"end":{"line":229,"column":null}},"102":{"start":{"line":231,"column":4},"end":{"line":231,"column":null}},"103":{"start":{"line":235,"column":4},"end":{"line":235,"column":null}},"104":{"start":{"line":236,"column":4},"end":{"line":236,"column":null}},"105":{"start":{"line":240,"column":16},"end":{"line":240,"column":null}},"106":{"start":{"line":241,"column":4},"end":{"line":241,"column":null}},"107":{"start":{"line":241,"column":14},"end":{"line":241,"column":null}},"108":{"start":{"line":243,"column":4},"end":{"line":247,"column":null}},"109":{"start":{"line":244,"column":6},"end":{"line":244,"column":null}},"110":{"start":{"line":245,"column":6},"end":{"line":245,"column":null}},"111":{"start":{"line":246,"column":6},"end":{"line":246,"column":null}},"112":{"start":{"line":251,"column":4},"end":{"line":251,"column":null}},"113":{"start":{"line":252,"column":4},"end":{"line":252,"column":null}},"114":{"start":{"line":256,"column":16},"end":{"line":256,"column":null}},"115":{"start":{"line":257,"column":4},"end":{"line":257,"column":null}},"116":{"start":{"line":257,"column":55},"end":{"line":257,"column":null}},"117":{"start":{"line":260,"column":27},"end":{"line":260,"column":null}},"118":{"start":{"line":261,"column":4},"end":{"line":266,"column":null}},"119":{"start":{"line":262,"column":23},"end":{"line":262,"column":null}},"120":{"start":{"line":263,"column":6},"end":{"line":265,"column":null}},"121":{"start":{"line":264,"column":8},"end":{"line":264,"column":null}},"122":{"start":{"line":268,"column":4},"end":{"line":268,"column":null}},"123":{"start":{"line":269,"column":4},"end":{"line":269,"column":null}},"124":{"start":{"line":270,"column":4},"end":{"line":270,"column":null}}},"fnMap":{"0":{"name":"constructor","decl":{"start":{"line":18,"column":2},"end":{"line":18,"column":null}},"loc":{"start":{"line":22,"column":4},"end":{"line":25,"column":null}},"line":22},"1":{"name":"startRun","decl":{"start":{"line":27,"column":8},"end":{"line":27,"column":17}},"loc":{"start":{"line":27,"column":89},"end":{"line":38,"column":null}},"line":27},"2":{"name":"getWorkflowVersionSnapshot","decl":{"start":{"line":40,"column":16},"end":{"line":40,"column":43}},"loc":{"start":{"line":40,"column":70},"end":{"line":44,"column":null}},"line":40},"3":{"name":"runExecutionLoop","decl":{"start":{"line":46,"column":16},"end":{"line":46,"column":33}},"loc":{"start":{"line":46,"column":63},"end":{"line":112,"column":null}},"line":46},"4":{"name":"(anonymous_4)","decl":{"start":{"line":68,"column":47},"end":{"line":68,"column":52}},"loc":{"start":{"line":68,"column":63},"end":{"line":68,"column":71}},"line":68},"5":{"name":"(anonymous_5)","decl":{"start":{"line":69,"column":39},"end":{"line":69,"column":45}},"loc":{"start":{"line":69,"column":56},"end":{"line":69,"column":76}},"line":69},"6":{"name":"(anonymous_6)","decl":{"start":{"line":85,"column":40},"end":{"line":85,"column":46}},"loc":{"start":{"line":85,"column":57},"end":{"line":85,"column":81}},"line":85},"7":{"name":"(anonymous_7)","decl":{"start":{"line":94,"column":34},"end":{"line":94,"column":40}},"loc":{"start":{"line":94,"column":51},"end":{"line":94,"column":73}},"line":94},"8":{"name":"executeNode","decl":{"start":{"line":114,"column":8},"end":{"line":114,"column":null}},"loc":{"start":{"line":121,"column":28},"end":{"line":220,"column":null}},"line":121},"9":{"name":"findNextNode","decl":{"start":{"line":222,"column":2},"end":{"line":222,"column":15}},"loc":{"start":{"line":222,"column":100},"end":{"line":232,"column":null}},"line":222},"10":{"name":"(anonymous_10)","decl":{"start":{"line":227,"column":33},"end":{"line":227,"column":41}},"loc":{"start":{"line":227,"column":52},"end":{"line":227,"column":79}},"line":227},"11":{"name":"pauseRun","decl":{"start":{"line":234,"column":8},"end":{"line":234,"column":17}},"loc":{"start":{"line":234,"column":47},"end":{"line":237,"column":null}},"line":234},"12":{"name":"resumeRun","decl":{"start":{"line":239,"column":8},"end":{"line":239,"column":18}},"loc":{"start":{"line":239,"column":48},"end":{"line":248,"column":null}},"line":239},"13":{"name":"cancelRun","decl":{"start":{"line":250,"column":8},"end":{"line":250,"column":18}},"loc":{"start":{"line":250,"column":48},"end":{"line":253,"column":null}},"line":250},"14":{"name":"retryRun","decl":{"start":{"line":255,"column":8},"end":{"line":255,"column":17}},"loc":{"start":{"line":255,"column":47},"end":{"line":271,"column":null}},"line":255}},"branchMap":{"0":{"loc":{"start":{"line":42,"column":4},"end":{"line":42,"column":null}},"type":"if","locations":[{"start":{"line":42,"column":4},"end":{"line":42,"column":null}},{"start":{},"end":{}}],"line":42},"1":{"loc":{"start":{"line":48,"column":4},"end":{"line":48,"column":null}},"type":"if","locations":[{"start":{"line":48,"column":4},"end":{"line":48,"column":null}},{"start":{},"end":{}}],"line":48},"2":{"loc":{"start":{"line":50,"column":4},"end":{"line":52,"column":null}},"type":"if","locations":[{"start":{"line":50,"column":4},"end":{"line":52,"column":null}},{"start":{},"end":{}}],"line":50},"3":{"loc":{"start":{"line":50,"column":8},"end":{"line":50,"column":90}},"type":"binary-expr","locations":[{"start":{"line":50,"column":8},"end":{"line":50,"column":50}},{"start":{"line":50,"column":50},"end":{"line":50,"column":90}}],"line":50},"4":{"loc":{"start":{"line":55,"column":4},"end":{"line":55,"column":null}},"type":"if","locations":[{"start":{"line":55,"column":4},"end":{"line":55,"column":null}},{"start":{},"end":{}}],"line":55},"5":{"loc":{"start":{"line":66,"column":4},"end":{"line":88,"column":null}},"type":"if","locations":[{"start":{"line":66,"column":4},"end":{"line":88,"column":null}},{"start":{"line":72,"column":11},"end":{"line":88,"column":null}}],"line":66},"6":{"loc":{"start":{"line":70,"column":6},"end":{"line":70,"column":null}},"type":"if","locations":[{"start":{"line":70,"column":6},"end":{"line":70,"column":null}},{"start":{},"end":{}}],"line":70},"7":{"loc":{"start":{"line":74,"column":35},"end":{"line":74,"column":67}},"type":"binary-expr","locations":[{"start":{"line":74,"column":35},"end":{"line":74,"column":62}},{"start":{"line":74,"column":62},"end":{"line":74,"column":67}}],"line":74},"8":{"loc":{"start":{"line":75,"column":8},"end":{"line":77,"column":null}},"type":"if","locations":[{"start":{"line":75,"column":8},"end":{"line":77,"column":null}},{"start":{},"end":{}}],"line":75},"9":{"loc":{"start":{"line":81,"column":6},"end":{"line":87,"column":null}},"type":"if","locations":[{"start":{"line":81,"column":6},"end":{"line":87,"column":null}},{"start":{"line":83,"column":13},"end":{"line":87,"column":null}}],"line":81},"10":{"loc":{"start":{"line":81,"column":10},"end":{"line":81,"column":147}},"type":"binary-expr","locations":[{"start":{"line":81,"column":10},"end":{"line":81,"column":57}},{"start":{"line":81,"column":57},"end":{"line":81,"column":103}},{"start":{"line":81,"column":103},"end":{"line":81,"column":147}}],"line":81},"11":{"loc":{"start":{"line":83,"column":13},"end":{"line":87,"column":null}},"type":"if","locations":[{"start":{"line":83,"column":13},"end":{"line":87,"column":null}},{"start":{},"end":{}}],"line":83},"12":{"loc":{"start":{"line":86,"column":24},"end":{"line":86,"column":null}},"type":"binary-expr","locations":[{"start":{"line":86,"column":24},"end":{"line":86,"column":94}},{"start":{"line":86,"column":94},"end":{"line":86,"column":null}}],"line":86},"13":{"loc":{"start":{"line":90,"column":21},"end":{"line":90,"column":null}},"type":"cond-expr","locations":[{"start":{"line":90,"column":37},"end":{"line":90,"column":68}},{"start":{"line":90,"column":68},"end":{"line":90,"column":null}}],"line":90},"14":{"loc":{"start":{"line":95,"column":6},"end":{"line":95,"column":null}},"type":"if","locations":[{"start":{"line":95,"column":6},"end":{"line":95,"column":null}},{"start":{},"end":{}}],"line":95},"15":{"loc":{"start":{"line":97,"column":29},"end":{"line":97,"column":63}},"type":"binary-expr","locations":[{"start":{"line":97,"column":29},"end":{"line":97,"column":58}},{"start":{"line":97,"column":58},"end":{"line":97,"column":63}}],"line":97},"16":{"loc":{"start":{"line":100,"column":88},"end":{"line":100,"column":104}},"type":"binary-expr","locations":[{"start":{"line":100,"column":88},"end":{"line":100,"column":100}},{"start":{"line":100,"column":100},"end":{"line":100,"column":104}}],"line":100},"17":{"loc":{"start":{"line":102,"column":6},"end":{"line":104,"column":null}},"type":"if","locations":[{"start":{"line":102,"column":6},"end":{"line":104,"column":null}},{"start":{},"end":{}}],"line":102},"18":{"loc":{"start":{"line":102,"column":10},"end":{"line":102,"column":79}},"type":"binary-expr","locations":[{"start":{"line":102,"column":10},"end":{"line":102,"column":54}},{"start":{"line":102,"column":54},"end":{"line":102,"column":79}}],"line":102},"19":{"loc":{"start":{"line":106,"column":22},"end":{"line":106,"column":null}},"type":"binary-expr","locations":[{"start":{"line":106,"column":22},"end":{"line":106,"column":36}},{"start":{"line":106,"column":36},"end":{"line":106,"column":null}}],"line":106},"20":{"loc":{"start":{"line":137,"column":4},"end":{"line":153,"column":null}},"type":"if","locations":[{"start":{"line":137,"column":4},"end":{"line":153,"column":null}},{"start":{},"end":{}}],"line":137},"21":{"loc":{"start":{"line":139,"column":6},"end":{"line":152,"column":null}},"type":"if","locations":[{"start":{"line":139,"column":6},"end":{"line":152,"column":null}},{"start":{},"end":{}}],"line":139},"22":{"loc":{"start":{"line":171,"column":6},"end":{"line":177,"column":null}},"type":"if","locations":[{"start":{"line":171,"column":6},"end":{"line":177,"column":null}},{"start":{},"end":{}}],"line":171},"23":{"loc":{"start":{"line":179,"column":6},"end":{"line":181,"column":null}},"type":"if","locations":[{"start":{"line":179,"column":6},"end":{"line":181,"column":null}},{"start":{},"end":{}}],"line":179},"24":{"loc":{"start":{"line":180,"column":24},"end":{"line":180,"column":64}},"type":"binary-expr","locations":[{"start":{"line":180,"column":24},"end":{"line":180,"column":41}},{"start":{"line":180,"column":41},"end":{"line":180,"column":64}}],"line":180},"25":{"loc":{"start":{"line":183,"column":6},"end":{"line":191,"column":null}},"type":"if","locations":[{"start":{"line":183,"column":6},"end":{"line":191,"column":null}},{"start":{},"end":{}}],"line":183},"26":{"loc":{"start":{"line":183,"column":10},"end":{"line":183,"column":56}},"type":"binary-expr","locations":[{"start":{"line":183,"column":10},"end":{"line":183,"column":27}},{"start":{"line":183,"column":27},"end":{"line":183,"column":56}}],"line":183},"27":{"loc":{"start":{"line":223,"column":4},"end":{"line":225,"column":null}},"type":"if","locations":[{"start":{"line":223,"column":4},"end":{"line":225,"column":null}},{"start":{},"end":{}}],"line":223},"28":{"loc":{"start":{"line":228,"column":4},"end":{"line":228,"column":null}},"type":"if","locations":[{"start":{"line":228,"column":4},"end":{"line":228,"column":null}},{"start":{},"end":{}}],"line":228},"29":{"loc":{"start":{"line":229,"column":4},"end":{"line":229,"column":null}},"type":"if","locations":[{"start":{"line":229,"column":4},"end":{"line":229,"column":null}},{"start":{},"end":{}}],"line":229},"30":{"loc":{"start":{"line":229,"column":8},"end":{"line":229,"column":51}},"type":"binary-expr","locations":[{"start":{"line":229,"column":8},"end":{"line":229,"column":30}},{"start":{"line":229,"column":30},"end":{"line":229,"column":51}}],"line":229},"31":{"loc":{"start":{"line":241,"column":4},"end":{"line":241,"column":null}},"type":"if","locations":[{"start":{"line":241,"column":4},"end":{"line":241,"column":null}},{"start":{},"end":{}}],"line":241},"32":{"loc":{"start":{"line":243,"column":4},"end":{"line":247,"column":null}},"type":"if","locations":[{"start":{"line":243,"column":4},"end":{"line":247,"column":null}},{"start":{},"end":{}}],"line":243},"33":{"loc":{"start":{"line":257,"column":4},"end":{"line":257,"column":null}},"type":"if","locations":[{"start":{"line":257,"column":4},"end":{"line":257,"column":null}},{"start":{},"end":{}}],"line":257},"34":{"loc":{"start":{"line":257,"column":8},"end":{"line":257,"column":55}},"type":"binary-expr","locations":[{"start":{"line":257,"column":8},"end":{"line":257,"column":16}},{"start":{"line":257,"column":16},"end":{"line":257,"column":55}}],"line":257},"35":{"loc":{"start":{"line":261,"column":4},"end":{"line":266,"column":null}},"type":"if","locations":[{"start":{"line":261,"column":4},"end":{"line":266,"column":null}},{"start":{},"end":{}}],"line":261},"36":{"loc":{"start":{"line":263,"column":6},"end":{"line":265,"column":null}},"type":"if","locations":[{"start":{"line":263,"column":6},"end":{"line":265,"column":null}},{"start":{},"end":{}}],"line":263},"37":{"loc":{"start":{"line":263,"column":10},"end":{"line":263,"column":101}},"type":"binary-expr","locations":[{"start":{"line":263,"column":10},"end":{"line":263,"column":56}},{"start":{"line":263,"column":56},"end":{"line":263,"column":101}}],"line":263}},"s":{"0":4,"1":4,"2":4,"3":4,"4":4,"5":4,"6":4,"7":4,"8":4,"9":7,"10":7,"11":0,"12":7,"13":7,"14":7,"15":0,"16":7,"17":0,"18":7,"19":7,"20":0,"21":7,"22":7,"23":7,"24":7,"25":7,"26":7,"27":4,"28":9,"29":4,"30":4,"31":4,"32":0,"33":4,"34":3,"35":4,"36":4,"37":1,"38":3,"39":3,"40":3,"41":0,"42":0,"43":0,"44":0,"45":7,"46":7,"47":14,"48":27,"49":14,"50":0,"51":14,"52":14,"53":14,"54":14,"55":1,"56":13,"57":6,"58":6,"59":14,"60":14,"61":14,"62":14,"63":14,"64":4,"65":4,"66":1,"67":1,"68":1,"69":1,"70":1,"71":13,"72":13,"73":13,"74":13,"75":13,"76":1,"77":1,"78":1,"79":1,"80":12,"81":0,"82":12,"83":2,"84":12,"85":12,"86":12,"87":12,"88":12,"89":0,"90":0,"91":0,"92":0,"93":0,"94":13,"95":2,"96":11,"97":22,"98":11,"99":5,"100":6,"101":6,"102":0,"103":0,"104":0,"105":2,"106":2,"107":0,"108":2,"109":2,"110":2,"111":2,"112":0,"113":0,"114":1,"115":1,"116":0,"117":1,"118":1,"119":1,"120":1,"121":0,"122":1,"123":1,"124":1},"f":{"0":4,"1":4,"2":7,"3":7,"4":9,"5":4,"6":0,"7":27,"8":14,"9":13,"10":22,"11":0,"12":2,"13":0,"14":1},"b":{"0":[0,7],"1":[0,7],"2":[0,7],"3":[7,3],"4":[0,7],"5":[4,3],"6":[0,4],"7":[4,4],"8":[1,3],"9":[3,0],"10":[3,1,0],"11":[0,0],"12":[0,0],"13":[7,0],"14":[0,14],"15":[14,12],"16":[14,8],"17":[1,13],"18":[14,13],"19":[13,5],"20":[4,10],"21":[1,3],"22":[1,12],"23":[0,12],"24":[0,0],"25":[2,10],"26":[12,2],"27":[2,11],"28":[5,6],"29":[6,0],"30":[6,6],"31":[0,2],"32":[2,0],"33":[0,1],"34":[1,1],"35":[1,0],"36":[0,1],"37":[1,1]},"meta":{"lastBranch":38,"lastFunction":15,"lastStatement":125,"seen":{"f:18:2:18:Infinity":0,"s:19:12:19:Infinity":0,"s:20:12:20:Infinity":1,"s:21:12:21:Infinity":2,"s:23:22:23:Infinity":3,"s:24:4:24:Infinity":4,"f:27:8:27:17":1,"s:28:16:31:Infinity":5,"s:33:4:33:Infinity":6,"s:35:4:35:Infinity":7,"s:37:4:37:Infinity":8,"f:40:16:40:43":2,"s:41:23:41
[...]
,"D:\\FlowForge AI\\src\\server\\helpers\\encryptionHelper.ts": {"path":"D:\\FlowForge AI\\src\\server\\helpers\\encryptionHelper.ts","statementMap":{"0":{"start":{"line":3,"column":18},"end":{"line":3,"column":null}},"1":{"start":{"line":5,"column":23},"end":{"line":5,"column":null}},"2":{"start":{"line":7,"column":32},"end":{"line":40,"column":null}},"3":{"start":{"line":9,"column":15},"end":{"line":9,"column":null}},"4":{"start":{"line":10,"column":19},"end":{"line":10,"column":null}},"5":{"start":{"line":11,"column":20},"end":{"line":11,"column":null}},"6":{"start":{"line":12,"column":4},"end":{"line":12,"column":null}},"7":{"start":{"line":13,"column":4},"end":{"line":13,"column":null}},"8":{"start":{"line":17,"column":22},"end":{"line":17,"column":null}},"9":{"start":{"line":18,"column":15},"end":{"line":18,"column":null}},"10":{"start":{"line":19,"column":26},"end":{"line":19,"column":null}},"11":{"start":{"line":20,"column":21},"end":{"line":20,"column":null}},"12":{"start":{"line":21,"column":20},"end":{"line":21,"column":null}},"13":{"start":{"line":22,"column":4},"end":{"line":22,"column":null}},"14":{"start":{"line":23,"column":4},"end":{"line":23,"column":null}},"15":{"start":{"line":27,"column":4},"end":{"line":27,"column":null}},"16":{"start":{"line":27,"column":14},"end":{"line":27,"column":null}},"17":{"start":{"line":31,"column":22},"end":{"line":31,"column":null}},"18":{"start":{"line":34,"column":4},"end":{"line":36,"column":null}},"19":{"start":{"line":35,"column":6},"end":{"line":35,"column":null}},"20":{"start":{"line":38,"column":4},"end":{"line":38,"column":null}}},"fnMap":{"0":{"name":"encrypt","decl":{"start":{"line":8,"column":2},"end":{"line":8,"column":10}},"loc":{"start":{"line":8,"column":32},"end":{"line":14,"column":null}},"line":8},"1":{"name":"decrypt","decl":{"start":{"line":16,"column":2},"end":{"line":16,"column":10}},"loc":{"start":{"line":16,"column":32},"end":{"line":24,"column":null}},"line":16},"2":{"name":"maskApiKey","decl":{"start":{"line":26,"column":2},"end":{"line":26,"column":13}},"loc":{"start":{"line":26,"column":34},"end":{"line":39,"column":null}},"line":26}},"branchMap":{"0":{"loc":{"start":{"line":5,"column":23},"end":{"line":5,"column":null}},"type":"binary-expr","locations":[{"start":{"line":5,"column":23},"end":{"line":5,"column":53}},{"start":{"line":5,"column":53},"end":{"line":5,"column":null}}],"line":5},"1":{"loc":{"start":{"line":27,"column":4},"end":{"line":27,"column":null}},"type":"if","locations":[{"start":{"line":27,"column":4},"end":{"line":27,"column":null}},{"start":{},"end":{}}],"line":27},"2":{"loc":{"start":{"line":31,"column":22},"end":{"line":31,"column":null}},"type":"cond-expr","locations":[{"start":{"line":31,"column":46},"end":{"line":31,"column":51}},{"start":{"line":31,"column":51},"end":{"line":31,"column":null}}],"line":31},"3":{"loc":{"start":{"line":31,"column":51},"end":{"line":31,"column":null}},"type":"cond-expr","locations":[{"start":{"line":31,"column":76},"end":{"line":31,"column":80}},{"start":{"line":31,"column":80},"end":{"line":31,"column":null}}],"line":31},"4":{"loc":{"start":{"line":34,"column":4},"end":{"line":36,"column":null}},"type":"if","locations":[{"start":{"line":34,"column":4},"end":{"line":36,"column":null}},{"start":{},"end":{}}],"line":34}},"s":{"0":3,"1":3,"2":3,"3":2,"4":2,"5":2,"6":2,"7":2,"8":1,"9":1,"10":1,"11":1,"12":1,"13":1,"14":1,"15":1,"16":1,"17":0,"18":1,"19":0,"20":0},"f":{"0":2,"1":1,"2":1},"b":{"0":[3,3],"1":[1,0],"2":[0,0],"3":[0,0],"4":[0,1]},"meta":{"lastBranch":5,"lastFunction":3,"lastStatement":21,"seen":{"s:3:18:3:Infinity":0,"s:5:23:5:Infinity":1,"b:5:23:5:53:5:53:5:Infinity":0,"s:7:32:40:Infinity":2,"f:8:2:8:10":0,"s:9:15:9:Infinity":3,"s:10:19:10:Infinity":4,"s:11:20:11:Infinity":5,"s:12:4:12:Infinity":6,"s:13:4:13:Infinity":7,"f:16:2:16:10":1,"s:17:22:17:Infinity":8,"s:18:15:18:Infinity":9,"s:19:26:19:Infinity":10,"s:20:21:20:Infinity":11,"s:21:20:21:Infinity":12,"s:22:4:22:Infinity":13,"s:23:4:23:Infinity":14,"f:26:2:26:13":2,"b:27:4:27:Infinity:undefined:undefined:undefined:undefined":1,"s:27:4:27:Infinity":15,"s:27:14:27:Infinity":16,"s:31:22:31:Infinity":17,"b:31:46:31:51:31:51:31:Infinity":2,"b:31:76:31:80:31:80:31:Infinity":3,"b:34:4:36:Infinity:undefined:undefined:undefined:undefined":4,"s:34:4:36:Infinity":18,"s:35:6:35:Infinity":19,"s:38:4:38:Infinity":20},"fnNames":{}}}
,"D:\\FlowForge AI\\src\\server\\helpers\\hashHelper.ts": {"path":"D:\\FlowForge AI\\src\\server\\helpers\\hashHelper.ts","statementMap":{"0":{"start":{"line":4,"column":21},"end":{"line":4,"column":null}},"1":{"start":{"line":5,"column":2},"end":{"line":5,"column":null}}},"fnMap":{"0":{"name":"generatePayloadHash","decl":{"start":{"line":3,"column":16},"end":{"line":3,"column":36}},"loc":{"start":{"line":3,"column":58},"end":{"line":6,"column":null}},"line":3}},"branchMap":{"0":{"loc":{"start":{"line":4,"column":36},"end":{"line":4,"column":49}},"type":"binary-expr","locations":[{"start":{"line":4,"column":36},"end":{"line":4,"column":47}},{"start":{"line":4,"column":47},"end":{"line":4,"column":49}}],"line":4}},"s":{"0":4,"1":4},"f":{"0":4},"b":{"0":[4,0]},"meta":{"lastBranch":1,"lastFunction":1,"lastStatement":2,"seen":{"f:3:16:3:36":0,"s:4:21:4:Infinity":0,"b:4:36:4:47:4:47:4:49":0,"s:5:2:5:Infinity":1},"fnNames":{}}}
,"D:\\FlowForge AI\\src\\server\\interfaces\\ExecutionContext.ts": {"path":"D:\\FlowForge AI\\src\\server\\interfaces\\ExecutionContext.ts","statementMap":{},"fnMap":{},"branchMap":{},"s":{},"f":{},"b":{},"meta":{"lastBranch":0,"lastFunction":0,"lastStatement":0,"seen":{},"fnNames":{}}}
,"D:\\FlowForge AI\\src\\server\\interfaces\\ExecutionResult.ts": {"path":"D:\\FlowForge AI\\src\\server\\interfaces\\ExecutionResult.ts","statementMap":{},"fnMap":{},"branchMap":{},"s":{},"f":{},"b":{},"meta":{"lastBranch":0,"lastFunction":0,"lastStatement":0,"seen":{},"fnNames":{}}}
,"D:\\FlowForge AI\\src\\server\\interfaces\\WorkflowStepExecutor.ts": {"path":"D:\\FlowForge AI\\src\\server\\interfaces\\WorkflowStepExecutor.ts","statementMap":{},"fnMap":{},"branchMap":{},"s":{},"f":{},"b":{},"meta":{"lastBranch":0,"lastFunction":0,"lastStatement":0,"seen":{},"fnNames":{}}}
,"D:\\FlowForge AI\\src\\server\\services\\LoggingService.ts": {"path":"D:\\FlowForge AI\\src\\server\\services\\LoggingService.ts","statementMap":{"0":{"start":{"line":12,"column":4},"end":{"line":25,"column":null}},"1":{"start":{"line":13,"column":18},"end":{"line":20,"column":null}},"2":{"start":{"line":21,"column":6},"end":{"line":21,"column":null}},"3":{"start":{"line":22,"column":6},"end":{"line":22,"column":null}},"4":{"start":{"line":24,"column":6},"end":{"line":24,"column":null}}},"fnMap":{"0":{"name":"log","decl":{"start":{"line":5,"column":8},"end":{"line":5,"column":null}},"loc":{"start":{"line":11,"column":19},"end":{"line":26,"column":null}},"line":11}},"branchMap":{},"s":{"0":2,"1":2,"2":2,"3":2,"4":0},"f":{"0":2},"b":{},"meta":{"lastBranch":0,"lastFunction":1,"lastStatement":5,"seen":{"f:5:8:5:Infinity":0,"s:12:4:25:Infinity":0,"s:13:18:20:Infinity":1,"s:21:6:21:Infinity":2,"s:22:6:22:Infinity":3,"s:24:6:24:Infinity":4},"fnNames":{}}}
,"D:\\FlowForge AI\\src\\validators\\run.schema.ts": {"path":"D:\\FlowForge AI\\src\\validators\\run.schema.ts","statementMap":{"0":{"start":{"line":4,"column":30},"end":{"line":7,"column":null}},"1":{"start":{"line":9,"column":37},"end":{"line":11,"column":null}},"2":{"start":{"line":13,"column":41},"end":{"line":21,"column":null}},"3":{"start":{"line":23,"column":36},"end":{"line":27,"column":null}},"4":{"start":{"line":29,"column":38},"end":{"line":34,"column":null}}},"fnMap":{},"branchMap":{},"s":{"0":3,"1":3,"2":3,"3":3,"4":3},"f":{},"b":{},"meta":{"lastBranch":0,"lastFunction":0,"lastStatement":5,"seen":{"s:4:30:7:Infinity":0,"s:9:37:11:Infinity":1,"s:13:41:21:Infinity":2,"s:23:36:27:Infinity":3,"s:29:38:34:Infinity":4},"fnNames":{}}}
,"D:\\FlowForge AI\\src\\validators\\workflow.schema.ts": {"path":"D:\\FlowForge AI\\src\\validators\\workflow.schema.ts","statementMap":{"0":{"start":{"line":4,"column":30},"end":{"line":7,"column":null}},"1":{"start":{"line":9,"column":34},"end":{"line":16,"column":null}},"2":{"start":{"line":18,"column":34},"end":{"line":25,"column":null}},"3":{"start":{"line":27,"column":36},"end":{"line":67,"column":null}},"4":{"start":{"line":33,"column":14},"end":{"line":33,"column":null}},"5":{"start":{"line":34,"column":2},"end":{"line":34,"column":null}},"6":{"start":{"line":34,"column":26},"end":{"line":34,"column":43}},"7":{"start":{"line":35,"column":2},"end":{"line":39,"column":null}},"8":{"start":{"line":36,"column":4},"end":{"line":38,"column":null}},"9":{"start":{"line":37,"column":6},"end":{"line":37,"column":null}},"10":{"start":{"line":41,"column":18},"end":{"line":41,"column":null}},"11":{"start":{"line":42,"column":19},"end":{"line":42,"column":null}},"12":{"start":{"line":45,"column":4},"end":{"line":45,"column":null}},"13":{"start":{"line":45,"column":30},"end":{"line":45,"column":null}},"14":{"start":{"line":46,"column":4},"end":{"line":46,"column":null}},"15":{"start":{"line":46,"column":29},"end":{"line":46,"column":null}},"16":{"start":{"line":47,"column":4},"end":{"line":47,"column":null}},"17":{"start":{"line":48,"column":4},"end":{"line":48,"column":null}},"18":{"start":{"line":49,"column":22},"end":{"line":49,"column":null}},"19":{"start":{"line":50,"column":4},"end":{"line":52,"column":null}},"20":{"start":{"line":51,"column":6},"end":{"line":51,"column":null}},"21":{"start":{"line":51,"column":30},"end":{"line":51,"column":null}},"22":{"start":{"line":53,"column":4},"end":{"line":53,"column":null}},"23":{"start":{"line":54,"column":4},"end":{"line":54,"column":null}},"24":{"start":{"line":57,"column":2},"end":{"line":66,"column":null}},"25":{"start":{"line":58,"column":4},"end":{"line":65,"column":null}},"26":{"start":{"line":59,"column":6},"end":{"line":63,"column":null}},"27":{"start":{"line":64,"column":6},"end":{"line":64,"column":null}},"28":{"start":{"line":69,"column":36},"end":{"line":111,"column":null}},"29":{"start":{"line":76,"column":2},"end":{"line":76,"column":null}},"30":{"start":{"line":76,"column":34},"end":{"line":76,"column":null}},"31":{"start":{"line":77,"column":14},"end":{"line":77,"column":null}},"32":{"start":{"line":78,"column":2},"end":{"line":78,"column":null}},"33":{"start":{"line":78,"column":26},"end":{"line":78,"column":43}},"34":{"start":{"line":79,"column":2},"end":{"line":83,"column":null}},"35":{"start":{"line":80,"column":4},"end":{"line":82,"column":null}},"36":{"start":{"line":81,"column":6},"end":{"line":81,"column":null}},"37":{"start":{"line":85,"column":18},"end":{"line":85,"column":null}},"38":{"start":{"line":86,"column":19},"end":{"line":86,"column":null}},"39":{"start":{"line":89,"column":4},"end":{"line":89,"column":null}},"40":{"start":{"line":89,"column":30},"end":{"line":89,"column":null}},"41":{"start":{"line":90,"column":4},"end":{"line":90,"column":null}},"42":{"start":{"line":90,"column":29},"end":{"line":90,"column":null}},"43":{"start":{"line":91,"column":4},"end":{"line":91,"column":null}},"44":{"start":{"line":92,"column":4},"end":{"line":92,"column":null}},"45":{"start":{"line":93,"column":22},"end":{"line":93,"column":null}},"46":{"start":{"line":94,"column":4},"end":{"line":96,"column":null}},"47":{"start":{"line":95,"column":6},"end":{"line":95,"column":null}},"48":{"start":{"line":95,"column":30},"end":{"line":95,"column":null}},"49":{"start":{"line":97,"column":4},"end":{"line":97,"column":null}},"50":{"start":{"line":98,"column":4},"end":{"line":98,"column":null}},"51":{"start":{"line":101,"column":2},"end":{"line":110,"column":null}},"52":{"start":{"line":102,"column":4},"end":{"line":109,"column":null}},"53":{"start":{"line":103,"column":6},"end":{"line":107,"column":null}},"54":{"start":{"line":108,"column":6},"end":{"line":108,"column":null}}},"fnMap":{"0":{"name":"(anonymous_0)","decl":{"start":{"line":32,"column":3},"end":{"line":32,"column":16}},"loc":{"start":{"line":32,"column":30},"end":{"line":67,"column":1}},"line":32},"1":{"name":"(anonymous_1)","decl":{"start":{"line":34,"column":13},"end":{"line":34,"column":21}},"loc":{"start":{"line":34,"column":26},"end":{"line":34,"column":43}},"line":34},"2":{"name":"(anonymous_2)","decl":{"start":{"line":35,"column":13},"end":{"line":35,"column":21}},"loc":{"start":{"line":35,"column":26},"end":{"line":39,"column":3}},"line":35},"3":{"name":"hasCycle","decl":{"start":{"line":44,"column":11},"end":{"line":44,"column":20}},"loc":{"start":{"line":44,"column":45},"end":{"line":55,"column":null}},"line":44},"4":{"name":"(anonymous_4)","decl":{"start":{"line":75,"column":3},"end":{"line":75,"column":16}},"loc":{"start":{"line":75,"column":30},"end":{"line":111,"column":1}},"line":75},"5":{"name":"(anonymous_5)","decl":{"start":{"line":78,"column":13},"end":{"line":78,"column":21}},"loc":{"start":{"line":78,"column":26},"end":{"line":78,"column":43}},"line":78},"6":{"name":"(anonymous_6)","decl":{"start":{"line":79,"column":13},"end":{"line":79,"column":21}},"loc":{"start":{"line":79,"column":26},"end":{"line":83,"column":3}},"line":79},"7":{"name":"hasCycle_2","decl":{"start":{"line":88,"column":11},"end":{"line":88,"column":20}},"loc":{"start":{"line":88,"column":45},"end":{"line":99,"column":null}},"line":88}},"branchMap":{"0":{"loc":{"start":{"line":36,"column":4},"end":{"line":38,"column":null}},"type":"if","locations":[{"start":{"line":36,"column":4},"end":{"line":38,"column":null}},{"start":{},"end":{}}],"line":36},"1":{"loc":{"start":{"line":45,"column":4},"end":{"line":45,"column":null}},"type":"if","locations":[{"start":{"line":45,"column":4},"end":{"line":45,"column":null}},{"start":{},"end":{}}],"line":45},"2":{"loc":{"start":{"line":46,"column":4},"end":{"line":46,"column":null}},"type":"if","locations":[{"start":{"line":46,"column":4},"end":{"line":46,"column":null}},{"start":{},"end":{}}],"line":46},"3":{"loc":{"start":{"line":49,"column":22},"end":{"line":49,"column":null}},"type":"binary-expr","locations":[{"start":{"line":49,"column":22},"end":{"line":49,"column":41}},{"start":{"line":49,"column":41},"end":{"line":49,"column":null}}],"line":49},"4":{"loc":{"start":{"line":51,"column":6},"end":{"line":51,"column":null}},"type":"if","locations":[{"start":{"line":51,"column":6},"end":{"line":51,"column":null}},{"start":{},"end":{}}],"line":51},"5":{"loc":{"start":{"line":58,"column":4},"end":{"line":65,"column":null}},"type":"if","locations":[{"start":{"line":58,"column":4},"end":{"line":65,"column":null}},{"start":{},"end":{}}],"line":58},"6":{"loc":{"start":{"line":76,"column":2},"end":{"line":76,"column":null}},"type":"if","locations":[{"start":{"line":76,"column":2},"end":{"line":76,"column":null}},{"start":{},"end":{}}],"line":76},"7":{"loc":{"start":{"line":76,"column":6},"end":{"line":76,"column":34}},"type":"binary-expr","locations":[{"start":{"line":76,"column":6},"end":{"line":76,"column":21}},{"start":{"line":76,"column":21},"end":{"line":76,"column":34}}],"line":76},"8":{"loc":{"start":{"line":80,"column":4},"end":{"line":82,"column":null}},"type":"if","locations":[{"start":{"line":80,"column":4},"end":{"line":82,"column":null}},{"start":{},"end":{}}],"line":80},"9":{"loc":{"start":{"line":89,"column":4},"end":{"line":89,"column":null}},"type":"if","locations":[{"start":{"line":89,"column":4},"end":{"line":89,"column":null}},{"start":{},"end":{}}],"line":89},"10":{"loc":{"start":{"line":90,"column":4},"end":{"line":90,"column":null}},"type":"if","locations":[{"start":{"line":90,"column":4},"end":{"line":90,"column":null}},{"start":{},"end":{}}],"line":90},"11":{"loc":{"start":{"line":93,"column":22},"end":{"line":93,"column":null}},"type":"binary-expr","locations":[{"start":{"line":93,"column":22},"end":{"line":93,"column":41}},{"start":{"line":93,"column":41},"end":{"line":93,"column":null}}],"line":93},"12":{"loc":{"start":{"line":95,"column":6},"end":{"line":95,"column":null}},"type":"if","locations":[{"start":{"line":95,"column":6},"end":{"line":95,"column":null}},{"start":{},"end":{}}],"line":95},"13":{"loc":{"start":{"line":102,"column":4},"end":{"line":109,"column":null}},"type":"if","locations":[{"start":{"line":102,"column":4},"end":{"line":109,"column":null}},{"start":{},"end":{}}],"line":102}},"s":{"0":6,"1":6,"2":6,"3":6,"4":14,"5":14,"6":11,"7":14,"8":6,"9":6,"10":14,"11":14,"12":17,"13":0,"14":17,"15":6,"16":11,"17":11,"18":11,"19":17,"20":6,"21":0,"22":11,"23":11,"24":14,"25":11,"26":0,"27":0,"28":6,"29":1,"30":1,"31":0,"32":0,"33":0,"34":0,"35":0,"36":0,"37":0,"38":0,"39":0,"40":0,"41":0,"42":0,"43":0,"44":0,"45":0,"46":0,"47":0,"48":0,"49":0,"50":0,"51":0,"52":0,"53":0,"54":0},"f":{"0":14,"1":11,"2":6,"3":17,"4":1,"5":0,"6":0,"7":0},"b":{"0":[6,0],"1":[0,17],"2":[6,11],"3":[11,0],"4":[0,6],"5":[0,11],"6":[1,0],"7":[1,0],"8":[0,0],"9":[0,0],"10":[0,0],"11":[0,0],"12":[0,0],"13":[0,0]},"meta":{"lastBranch":14,"lastFunction":8,"lastStatement":55,"seen":{"s:4:30:7:Infinity":0,"s:9:34:16:Infinity":1,"s:18:34:25:Infinity":2,"s:27:36:67:Infinity":3,"f:32:3:32:16":0,"s:33:14:33:Infinity":4,"s:34:2:34:Infinity":5,"f:34:13:34:21":1,"s:34:26:34:43":6,"s:35:2:39:Infinity":7,"f:35:13:35:21":2,"b:36:4:38:Infinity:undefined:undefined:undefined:undefined":0,"s:36:4:38:Infinity":8,"s:37:6:37:Infinity":9,"s:41:18:41:Infinity":10,"s:42:19:42:Infinity":11,"f:44:11:44:20":3,"b:45:4:45:Infinity:undefined:undefined:undefined:undefined":1,"s:45:4:45:Infinity":12,"s:45:30:45:Infinity":13,"b:46:4:46:Infinity:undefined:undefined:undefined:undefined":2,"s:46:4:46:Infinity":14,"s:46:29:46:Infinity":15,"s:47:4:47:Infinity":16,"s:48:4:48:Infinity":17,"s:49:22:49:Infinity":18,"b:49:22:49:41:49:41:49:Infinity":3,"s:50:4:52:Infinity":19,"b:51:6:51:Infinity:undefined:undefined:undefined:undefined":4,"s:51:6:51:Infinity":20,"s:51:30:51:Infinity":21,"s:53:4:53:Infinity":22,"s:54:4:54:Infinity":23,"s:57:2:66:Infinity":24,"b:58:4:65:Infinity:undefined:undefined:undefined:undefined":5,"s:58:4:65:Infinity":25,"s:59:6:63:Infinity":26,"s:64:6:64:Infinity":27,"s:69:36:111:Infinity":28,"f:75:3:75:16":4,"b:76:2:76:Infinity:undefined:undefined:undefined:undefined":6,"s:76:2:76:Infinity":29,"b:76:6:76:21:76:21:76:34":7,"s:76:34:76:Infinity":30,"s:77:14:77:Infinity":31,"s:78:2:78:Infinity":32,"f:78:13:78:21":5,"s:78:26:78:43":33,"s:79:2:83:Infinity":34,"f:79:13:79:21":6,"b:80:4:82:Infinity:undefined:undefined:undefined:undefined":8,"s:80:4:82:Infinity":35,"s:81:6:81:Infinity":36,"s:85:18:85:Infinity":37,"s:86:19:86:Infinity":38,"f:88:11:88:20":7,"b:89:4:89:Infinity:undefined:undefined:undefined:undefined":9,"s:89:4:89:Infinity":39,"s:89:30:89:Infinity":40,"b:90:4:90:Infinity:undefined:undefined:undefined:undefined":10,"s:90:4:90:Infinity":41,"s:90:29:90:Infinity":42,"s:91:4:91:Infinity":43,"s:92:4:92:Infinity":44,"s:93:22:93:Infinity":45,"b:93:22:93:41:93:41:93:Infinity":11,"s:94:4:96:Infinity":46,"b:95:6:95:Infinity:undefined:undefined:undefined:undefined":12,"s:95:6:95:Infinity":47,"s:95:30:95:Infinity":48,"s:97:4:97:Infinity":49,"s:98:4:98:Infinity":50,"s:101:2:110:Infinity":51,"b:102:4:109:Infinity:undefined:undefined:undefined:undefined":13,"s:102:4:109:Infinity":52,"s:103:6:107:Infinity":53,"s:108:6:108:Infinity":54},"fnNames":{}}}
}
